{"/Users/zuomeng/Desktop/Keep/src/App.js": {"path":"/Users/zuomeng/Desktop/Keep/src/App.js","statementMap":{"0":{"start":{"line":1,"column":13},"end":{"line":1,"column":75}},"1":{"start":{"line":1,"column":94},"end":{"line":1,"column":134}},"2":{"start":{"line":1,"column":148},"end":{"line":1,"column":164}},"3":{"start":{"line":1,"column":179},"end":{"line":1,"column":209}},"4":{"start":{"line":2,"column":24},"end":{"line":2,"column":52}},"5":{"start":{"line":2,"column":78},"end":{"line":2,"column":119}},"6":{"start":{"line":3,"column":18},"end":{"line":3,"column":40}},"7":{"start":{"line":4,"column":0},"end":{"line":4,"column":32}},"8":{"start":{"line":5,"column":0},"end":{"line":5,"column":34}},"9":{"start":{"line":6,"column":18},"end":{"line":6,"column":41}},"10":{"start":{"line":16,"column":17},"end":{"line":16,"column":57}},"11":{"start":{"line":16,"column":96},"end":{"line":16,"column":150}},"12":{"start":{"line":18,"column":18},"end":{"line":27,"column":1}},"13":{"start":{"line":25,"column":27},"end":{"line":25,"column":59}},"14":{"start":{"line":28,"column":17},"end":{"line":29,"column":30}},"15":{"start":{"line":28,"column":27},"end":{"line":29,"column":29}},"16":{"start":{"line":31,"column":25},"end":{"line":31,"column":76}},"17":{"start":{"line":35,"column":2},"end":{"line":48,"column":132}},"18":{"start":{"line":51,"column":3},"end":{"line":54,"column":4}}},"fnMap":{"0":{"name":"_interopRequireDefault","decl":{"start":{"line":16,"column":67},"end":{"line":16,"column":89}},"loc":{"start":{"line":16,"column":95},"end":{"line":16,"column":151}},"line":16},"1":{"name":"(anonymous_1)","decl":{"start":{"line":25,"column":18},"end":{"line":25,"column":19}},"loc":{"start":{"line":25,"column":27},"end":{"line":25,"column":59}},"line":25},"2":{"name":"(anonymous_2)","decl":{"start":{"line":28,"column":17},"end":{"line":28,"column":18}},"loc":{"start":{"line":28,"column":27},"end":{"line":29,"column":29}},"line":28},"3":{"name":"(anonymous_3)","decl":{"start":{"line":34,"column":1},"end":{"line":34,"column":2}},"loc":{"start":{"line":34,"column":10},"end":{"line":51,"column":2}},"line":34}},"branchMap":{"0":{"loc":{"start":{"line":16,"column":103},"end":{"line":16,"column":149}},"type":"cond-expr","locations":[{"start":{"line":16,"column":127},"end":{"line":16,"column":130}},{"start":{"line":16,"column":133},"end":{"line":16,"column":149}}],"line":16},"1":{"loc":{"start":{"line":16,"column":103},"end":{"line":16,"column":124}},"type":"binary-expr","locations":[{"start":{"line":16,"column":103},"end":{"line":16,"column":106}},{"start":{"line":16,"column":110},"end":{"line":16,"column":124}}],"line":16},"2":{"loc":{"start":{"line":25,"column":27},"end":{"line":25,"column":59}},"type":"cond-expr","locations":[{"start":{"line":25,"column":43},"end":{"line":25,"column":50}},{"start":{"line":25,"column":53},"end":{"line":25,"column":59}}],"line":25}},"s":{"0":0,"1":0,"2":0,"3":0,"4":0,"5":0,"6":0,"7":0,"8":0,"9":0,"10":0,"11":0,"12":0,"13":0,"14":0,"15":0,"16":0,"17":0,"18":0},"f":{"0":0,"1":0,"2":0,"3":0},"b":{"0":[0,0],"1":[0,0],"2":[0,0]}}
,"/Users/zuomeng/Desktop/Keep/src/index.js": {"path":"/Users/zuomeng/Desktop/Keep/src/index.js","statementMap":{"0":{"start":{"line":1,"column":32},"end":{"line":1,"column":74}},"1":{"start":{"line":1,"column":75},"end":{"line":1,"column":109}},"2":{"start":{"line":2,"column":22},"end":{"line":2,"column":49}},"3":{"start":{"line":3,"column":13},"end":{"line":3,"column":29}},"4":{"start":{"line":3,"column":44},"end":{"line":3,"column":74}},"5":{"start":{"line":4,"column":16},"end":{"line":4,"column":36}},"6":{"start":{"line":4,"column":54},"end":{"line":4,"column":87}},"7":{"start":{"line":5,"column":18},"end":{"line":5,"column":40}},"8":{"start":{"line":6,"column":29},"end":{"line":6,"column":63}},"9":{"start":{"line":6,"column":94},"end":{"line":6,"column":140}},"10":{"start":{"line":7,"column":13},"end":{"line":7,"column":31}},"11":{"start":{"line":7,"column":46},"end":{"line":7,"column":76}},"12":{"start":{"line":8,"column":14},"end":{"line":8,"column":33}},"13":{"start":{"line":8,"column":49},"end":{"line":8,"column":80}},"14":{"start":{"line":8,"column":119},"end":{"line":8,"column":173}},"15":{"start":{"line":10,"column":0},"end":{"line":16,"column":33}},"16":{"start":{"line":19,"column":0},"end":{"line":29,"column":1}},"17":{"start":{"line":20,"column":4},"end":{"line":28,"column":7}},"18":{"start":{"line":21,"column":34},"end":{"line":21,"column":61}},"19":{"start":{"line":22,"column":8},"end":{"line":26,"column":41}},"20":{"start":{"line":30,"column":0},"end":{"line":30,"column":39}}},"fnMap":{"0":{"name":"_interopRequireDefault","decl":{"start":{"line":8,"column":90},"end":{"line":8,"column":112}},"loc":{"start":{"line":8,"column":118},"end":{"line":8,"column":174}},"line":8},"1":{"name":"(anonymous_1)","decl":{"start":{"line":20,"column":34},"end":{"line":20,"column":35}},"loc":{"start":{"line":20,"column":40},"end":{"line":28,"column":5}},"line":20}},"branchMap":{"0":{"loc":{"start":{"line":8,"column":126},"end":{"line":8,"column":172}},"type":"cond-expr","locations":[{"start":{"line":8,"column":150},"end":{"line":8,"column":153}},{"start":{"line":8,"column":156},"end":{"line":8,"column":172}}],"line":8},"1":{"loc":{"start":{"line":8,"column":126},"end":{"line":8,"column":147}},"type":"binary-expr","locations":[{"start":{"line":8,"column":126},"end":{"line":8,"column":129}},{"start":{"line":8,"column":133},"end":{"line":8,"column":147}}],"line":8},"2":{"loc":{"start":{"line":19,"column":0},"end":{"line":29,"column":1}},"type":"if","locations":[{"start":{"line":19,"column":0},"end":{"line":29,"column":1}},{"start":{"line":19,"column":0},"end":{"line":29,"column":1}}],"line":19}},"s":{"0":0,"1":0,"2":0,"3":0,"4":0,"5":0,"6":0,"7":0,"8":0,"9":0,"10":0,"11":0,"12":0,"13":0,"14":0,"15":0,"16":0,"17":0,"18":0,"19":0,"20":0},"f":{"0":0,"1":0},"b":{"0":[0,0],"1":[0,0],"2":[0,0]}}
,"/Users/zuomeng/Desktop/Keep/src/registerServiceWorker.js": {"path":"/Users/zuomeng/Desktop/Keep/src/registerServiceWorker.js","statementMap":{"0":{"start":{"line":1,"column":13},"end":{"line":1,"column":75}},"1":{"start":{"line":1,"column":75},"end":{"line":21,"column":9}},"2":{"start":{"line":21,"column":9},"end":{"line":102,"column":24}},"3":{"start":{"line":109,"column":20},"end":{"line":111,"column":89}},"4":{"start":{"line":111,"column":111},"end":{"line":117,"column":44}},"5":{"start":{"line":112,"column":22},"end":{"line":112,"column":70}},"6":{"start":{"line":112,"column":71},"end":{"line":115,"column":14}},"7":{"start":{"line":115,"column":6},"end":{"line":115,"column":13}},"8":{"start":{"line":115,"column":14},"end":{"line":117,"column":43}},"9":{"start":{"line":115,"column":67},"end":{"line":115,"column":112}},"10":{"start":{"line":115,"column":113},"end":{"line":117,"column":40}},"11":{"start":{"line":116,"column":8},"end":{"line":116,"column":31}},"12":{"start":{"line":117,"column":8},"end":{"line":117,"column":39}},"13":{"start":{"line":117,"column":78},"end":{"line":124,"column":156}},"14":{"start":{"line":117,"column":140},"end":{"line":124,"column":68}},"15":{"start":{"line":117,"column":201},"end":{"line":117,"column":224}},"16":{"start":{"line":117,"column":225},"end":{"line":124,"column":66}},"17":{"start":{"line":117,"column":265},"end":{"line":124,"column":64}},"18":{"start":{"line":117,"column":310},"end":{"line":124,"column":63}},"19":{"start":{"line":121,"column":12},"end":{"line":121,"column":69}},"20":{"start":{"line":124,"column":12},"end":{"line":124,"column":62}},"21":{"start":{"line":124,"column":87},"end":{"line":124,"column":153}},"22":{"start":{"line":125,"column":2},"end":{"line":128,"column":126}},"23":{"start":{"line":126,"column":4},"end":{"line":128,"column":30}},"24":{"start":{"line":127,"column":6},"end":{"line":127,"column":127}},"25":{"start":{"line":127,"column":58},"end":{"line":127,"column":124}},"26":{"start":{"line":127,"column":96},"end":{"line":127,"column":121}},"27":{"start":{"line":128,"column":6},"end":{"line":128,"column":29}},"28":{"start":{"line":128,"column":46},"end":{"line":128,"column":123}},"29":{"start":{"line":128,"column":150},"end":{"line":128,"column":267}},"30":{"start":{"line":128,"column":185},"end":{"line":128,"column":266}},"31":{"start":{"line":128,"column":237},"end":{"line":128,"column":263}}},"fnMap":{"0":{"name":"register","decl":{"start":{"line":111,"column":99},"end":{"line":111,"column":107}},"loc":{"start":{"line":111,"column":110},"end":{"line":117,"column":45}},"line":111},"1":{"name":"(anonymous_1)","decl":{"start":{"line":115,"column":46},"end":{"line":115,"column":47}},"loc":{"start":{"line":115,"column":52},"end":{"line":117,"column":41}},"line":115},"2":{"name":"registerValidSW","decl":{"start":{"line":117,"column":54},"end":{"line":117,"column":69}},"loc":{"start":{"line":117,"column":77},"end":{"line":124,"column":157}},"line":117},"3":{"name":"(anonymous_3)","decl":{"start":{"line":117,"column":123},"end":{"line":117,"column":124}},"loc":{"start":{"line":117,"column":139},"end":{"line":124,"column":69}},"line":117},"4":{"name":"(anonymous_4)","decl":{"start":{"line":117,"column":169},"end":{"line":117,"column":170}},"loc":{"start":{"line":117,"column":175},"end":{"line":124,"column":67}},"line":117},"5":{"name":"(anonymous_5)","decl":{"start":{"line":117,"column":258},"end":{"line":117,"column":259}},"loc":{"start":{"line":117,"column":264},"end":{"line":124,"column":65}},"line":117},"6":{"name":"(anonymous_6)","decl":{"start":{"line":124,"column":77},"end":{"line":124,"column":78}},"loc":{"start":{"line":124,"column":86},"end":{"line":124,"column":154}},"line":124},"7":{"name":"checkValidServiceWorker","decl":{"start":{"line":124,"column":166},"end":{"line":124,"column":189}},"loc":{"start":{"line":124,"column":197},"end":{"line":128,"column":127}},"line":124},"8":{"name":"(anonymous_8)","decl":{"start":{"line":125,"column":20},"end":{"line":125,"column":21}},"loc":{"start":{"line":125,"column":32},"end":{"line":128,"column":31}},"line":125},"9":{"name":"(anonymous_9)","decl":{"start":{"line":127,"column":41},"end":{"line":127,"column":42}},"loc":{"start":{"line":127,"column":57},"end":{"line":127,"column":125}},"line":127},"10":{"name":"(anonymous_10)","decl":{"start":{"line":127,"column":89},"end":{"line":127,"column":90}},"loc":{"start":{"line":127,"column":95},"end":{"line":127,"column":122}},"line":127},"11":{"name":"(anonymous_11)","decl":{"start":{"line":128,"column":39},"end":{"line":128,"column":40}},"loc":{"start":{"line":128,"column":45},"end":{"line":128,"column":124}},"line":128},"12":{"name":"unregister","decl":{"start":{"line":128,"column":136},"end":{"line":128,"column":146}},"loc":{"start":{"line":128,"column":149},"end":{"line":128,"column":268}},"line":128},"13":{"name":"(anonymous_13)","decl":{"start":{"line":128,"column":220},"end":{"line":128,"column":221}},"loc":{"start":{"line":128,"column":236},"end":{"line":128,"column":264}},"line":128}},"branchMap":{"0":{"loc":{"start":{"line":109,"column":28},"end":{"line":111,"column":88}},"type":"binary-expr","locations":[{"start":{"line":109,"column":28},"end":{"line":109,"column":68}},{"start":{"line":110,"column":0},"end":{"line":110,"column":36}},{"start":{"line":111,"column":0},"end":{"line":111,"column":88}}],"line":109},"1":{"loc":{"start":{"line":111,"column":111},"end":{"line":117,"column":44}},"type":"if","locations":[{"start":{"line":111,"column":111},"end":{"line":117,"column":44}},{"start":{"line":111,"column":111},"end":{"line":117,"column":44}}],"line":111},"2":{"loc":{"start":{"line":111,"column":115},"end":{"line":111,"column":184}},"type":"binary-expr","locations":[{"start":{"line":111,"column":115},"end":{"line":111,"column":152}},{"start":{"line":111,"column":156},"end":{"line":111,"column":184}}],"line":111},"3":{"loc":{"start":{"line":112,"column":71},"end":{"line":115,"column":14}},"type":"if","locations":[{"start":{"line":112,"column":71},"end":{"line":115,"column":14}},{"start":{"line":112,"column":71},"end":{"line":115,"column":14}}],"line":112},"4":{"loc":{"start":{"line":115,"column":113},"end":{"line":117,"column":40}},"type":"if","locations":[{"start":{"line":115,"column":113},"end":{"line":117,"column":40}},{"start":{"line":115,"column":113},"end":{"line":117,"column":40}}],"line":115},"5":{"loc":{"start":{"line":117,"column":265},"end":{"line":124,"column":64}},"type":"if","locations":[{"start":{"line":117,"column":265},"end":{"line":124,"column":64}},{"start":{"line":117,"column":265},"end":{"line":124,"column":64}}],"line":117},"6":{"loc":{"start":{"line":117,"column":310},"end":{"line":124,"column":63}},"type":"if","locations":[{"start":{"line":117,"column":310},"end":{"line":124,"column":63}},{"start":{"line":117,"column":310},"end":{"line":124,"column":63}}],"line":117},"7":{"loc":{"start":{"line":126,"column":4},"end":{"line":128,"column":30}},"type":"if","locations":[{"start":{"line":126,"column":4},"end":{"line":128,"column":30}},{"start":{"line":126,"column":4},"end":{"line":128,"column":30}}],"line":126},"8":{"loc":{"start":{"line":126,"column":8},"end":{"line":126,"column":100}},"type":"binary-expr","locations":[{"start":{"line":126,"column":8},"end":{"line":126,"column":31}},{"start":{"line":126,"column":35},"end":{"line":126,"column":100}}],"line":126},"9":{"loc":{"start":{"line":128,"column":150},"end":{"line":128,"column":267}},"type":"if","locations":[{"start":{"line":128,"column":150},"end":{"line":128,"column":267}},{"start":{"line":128,"column":150},"end":{"line":128,"column":267}}],"line":128}},"s":{"0":0,"1":0,"2":0,"3":0,"4":0,"5":0,"6":0,"7":0,"8":0,"9":0,"10":0,"11":0,"12":0,"13":0,"14":0,"15":0,"16":0,"17":0,"18":0,"19":0,"20":0,"21":0,"22":0,"23":0,"24":0,"25":0,"26":0,"27":0,"28":0,"29":0,"30":0,"31":0},"f":{"0":0,"1":0,"2":0,"3":0,"4":0,"5":0,"6":0,"7":0,"8":0,"9":0,"10":0,"11":0,"12":0,"13":0},"b":{"0":[0,0,0],"1":[0,0],"2":[0,0],"3":[0,0],"4":[0,0],"5":[0,0],"6":[0,0],"7":[0,0],"8":[0,0],"9":[0,0]}}
,"/Users/zuomeng/Desktop/Keep/src/components/index.js": {"path":"/Users/zuomeng/Desktop/Keep/src/components/index.js","statementMap":{"0":{"start":{"line":1,"column":13},"end":{"line":1,"column":75}},"1":{"start":{"line":1,"column":75},"end":{"line":1,"column":311}},"2":{"start":{"line":1,"column":324},"end":{"line":1,"column":342}},"3":{"start":{"line":1,"column":357},"end":{"line":1,"column":387}},"4":{"start":{"line":2,"column":12},"end":{"line":2,"column":29}},"5":{"start":{"line":2,"column":43},"end":{"line":2,"column":72}},"6":{"start":{"line":3,"column":13},"end":{"line":3,"column":31}},"7":{"start":{"line":3,"column":46},"end":{"line":3,"column":76}},"8":{"start":{"line":4,"column":17},"end":{"line":4,"column":39}},"9":{"start":{"line":4,"column":58},"end":{"line":4,"column":92}},"10":{"start":{"line":5,"column":13},"end":{"line":5,"column":31}},"11":{"start":{"line":5,"column":46},"end":{"line":5,"column":76}},"12":{"start":{"line":6,"column":15},"end":{"line":6,"column":35}},"13":{"start":{"line":6,"column":52},"end":{"line":6,"column":84}},"14":{"start":{"line":7,"column":12},"end":{"line":7,"column":44}},"15":{"start":{"line":7,"column":58},"end":{"line":7,"column":87}},"16":{"start":{"line":8,"column":14},"end":{"line":8,"column":48}},"17":{"start":{"line":8,"column":64},"end":{"line":8,"column":95}},"18":{"start":{"line":9,"column":14},"end":{"line":9,"column":33}},"19":{"start":{"line":9,"column":49},"end":{"line":9,"column":80}},"20":{"start":{"line":10,"column":18},"end":{"line":10,"column":48}},"21":{"start":{"line":10,"column":68},"end":{"line":10,"column":103}},"22":{"start":{"line":10,"column":142},"end":{"line":10,"column":196}},"23":{"start":{"line":10,"column":197},"end":{"line":13,"column":26}},"24":{"start":{"line":13,"column":26},"end":{"line":14,"column":24}},"25":{"start":{"line":14,"column":24},"end":{"line":15,"column":22}},"26":{"start":{"line":15,"column":22},"end":{"line":16,"column":21}},"27":{"start":{"line":16,"column":21},"end":{"line":17,"column":47}},"28":{"start":{"line":17,"column":47},"end":{"line":18,"column":42}},"29":{"start":{"line":18,"column":42},"end":{"line":19,"column":24}},"30":{"start":{"line":19,"column":24},"end":{"line":20,"column":28}},"31":{"start":{"line":20,"column":28},"end":{"line":21,"column":22}},"32":{"start":{"line":21,"column":22},"end":{"line":22,"column":26}},"33":{"start":{"line":22,"column":26},"end":{"line":23,"column":26}},"34":{"start":{"line":23,"column":26},"end":{"line":24,"column":34}}},"fnMap":{"0":{"name":"_interopRequireDefault","decl":{"start":{"line":10,"column":113},"end":{"line":10,"column":135}},"loc":{"start":{"line":10,"column":141},"end":{"line":10,"column":197}},"line":10}},"branchMap":{"0":{"loc":{"start":{"line":10,"column":149},"end":{"line":10,"column":195}},"type":"cond-expr","locations":[{"start":{"line":10,"column":173},"end":{"line":10,"column":176}},{"start":{"line":10,"column":179},"end":{"line":10,"column":195}}],"line":10},"1":{"loc":{"start":{"line":10,"column":149},"end":{"line":10,"column":170}},"type":"binary-expr","locations":[{"start":{"line":10,"column":149},"end":{"line":10,"column":152}},{"start":{"line":10,"column":156},"end":{"line":10,"column":170}}],"line":10}},"s":{"0":0,"1":0,"2":0,"3":0,"4":0,"5":0,"6":0,"7":0,"8":0,"9":0,"10":0,"11":0,"12":0,"13":0,"14":0,"15":0,"16":0,"17":0,"18":0,"19":0,"20":0,"21":0,"22":0,"23":0,"24":0,"25":0,"26":0,"27":0,"28":0,"29":0,"30":0,"31":0,"32":0,"33":0,"34":0},"f":{"0":0},"b":{"0":[0,0],"1":[0,0]}}
,"/Users/zuomeng/Desktop/Keep/src/components/aside/index.js": {"path":"/Users/zuomeng/Desktop/Keep/src/components/aside/index.js","statementMap":{"0":{"start":{"line":1,"column":13},"end":{"line":1,"column":75}},"1":{"start":{"line":1,"column":94},"end":{"line":1,"column":153}},"2":{"start":{"line":1,"column":178},"end":{"line":1,"column":206}},"3":{"start":{"line":1,"column":232},"end":{"line":1,"column":273}},"4":{"start":{"line":2,"column":13},"end":{"line":2,"column":29}},"5":{"start":{"line":2,"column":44},"end":{"line":2,"column":74}},"6":{"start":{"line":3,"column":18},"end":{"line":3,"column":40}},"7":{"start":{"line":4,"column":17},"end":{"line":4,"column":57}},"8":{"start":{"line":5,"column":11},"end":{"line":5,"column":40}},"9":{"start":{"line":6,"column":11},"end":{"line":6,"column":27}},"10":{"start":{"line":6,"column":40},"end":{"line":6,"column":68}},"11":{"start":{"line":7,"column":12},"end":{"line":7,"column":29}},"12":{"start":{"line":7,"column":43},"end":{"line":7,"column":72}},"13":{"start":{"line":8,"column":13},"end":{"line":8,"column":31}},"14":{"start":{"line":8,"column":46},"end":{"line":8,"column":76}},"15":{"start":{"line":8,"column":115},"end":{"line":8,"column":169}},"16":{"start":{"line":10,"column":18},"end":{"line":37,"column":1}},"17":{"start":{"line":13,"column":27},"end":{"line":13,"column":54}},"18":{"start":{"line":16,"column":21},"end":{"line":16,"column":48}},"19":{"start":{"line":20,"column":27},"end":{"line":20,"column":60}},"20":{"start":{"line":40,"column":8},"end":{"line":40,"column":21}},"21":{"start":{"line":41,"column":8},"end":{"line":41,"column":45}},"22":{"start":{"line":42,"column":8},"end":{"line":42,"column":55}},"23":{"start":{"line":43,"column":8},"end":{"line":43,"column":55}},"24":{"start":{"line":44,"column":8},"end":{"line":44,"column":61}},"25":{"start":{"line":47,"column":8},"end":{"line":49,"column":9}},"26":{"start":{"line":48,"column":12},"end":{"line":48,"column":37}},"27":{"start":{"line":52,"column":8},"end":{"line":54,"column":9}},"28":{"start":{"line":53,"column":12},"end":{"line":53,"column":19}},"29":{"start":{"line":55,"column":8},"end":{"line":57,"column":9}},"30":{"start":{"line":56,"column":12},"end":{"line":56,"column":37}},"31":{"start":{"line":60,"column":8},"end":{"line":60,"column":58}},"32":{"start":{"line":61,"column":8},"end":{"line":61,"column":64}},"33":{"start":{"line":62,"column":8},"end":{"line":62,"column":64}},"34":{"start":{"line":65,"column":8},"end":{"line":69,"column":137}},"35":{"start":{"line":74,"column":17},"end":{"line":75,"column":30}},"36":{"start":{"line":74,"column":27},"end":{"line":75,"column":29}},"37":{"start":{"line":77,"column":20},"end":{"line":80,"column":8}},"38":{"start":{"line":77,"column":33},"end":{"line":80,"column":7}},"39":{"start":{"line":79,"column":8},"end":{"line":79,"column":42}},"40":{"start":{"line":80,"column":9},"end":{"line":82,"column":57}}},"fnMap":{"0":{"name":"_interopRequireDefault","decl":{"start":{"line":8,"column":86},"end":{"line":8,"column":108}},"loc":{"start":{"line":8,"column":114},"end":{"line":8,"column":170}},"line":8},"1":{"name":"(anonymous_1)","decl":{"start":{"line":13,"column":18},"end":{"line":13,"column":19}},"loc":{"start":{"line":13,"column":27},"end":{"line":13,"column":54}},"line":13},"2":{"name":"(anonymous_2)","decl":{"start":{"line":16,"column":12},"end":{"line":16,"column":13}},"loc":{"start":{"line":16,"column":21},"end":{"line":16,"column":48}},"line":16},"3":{"name":"(anonymous_3)","decl":{"start":{"line":20,"column":18},"end":{"line":20,"column":19}},"loc":{"start":{"line":20,"column":27},"end":{"line":20,"column":60}},"line":20},"4":{"name":"(anonymous_4)","decl":{"start":{"line":39,"column":4},"end":{"line":39,"column":5}},"loc":{"start":{"line":39,"column":23},"end":{"line":45,"column":5}},"line":39},"5":{"name":"(anonymous_5)","decl":{"start":{"line":46,"column":4},"end":{"line":46,"column":5}},"loc":{"start":{"line":46,"column":13},"end":{"line":50,"column":5}},"line":46},"6":{"name":"(anonymous_6)","decl":{"start":{"line":51,"column":4},"end":{"line":51,"column":5}},"loc":{"start":{"line":51,"column":19},"end":{"line":58,"column":5}},"line":51},"7":{"name":"(anonymous_7)","decl":{"start":{"line":59,"column":4},"end":{"line":59,"column":5}},"loc":{"start":{"line":59,"column":27},"end":{"line":63,"column":5}},"line":59},"8":{"name":"(anonymous_8)","decl":{"start":{"line":64,"column":4},"end":{"line":64,"column":5}},"loc":{"start":{"line":64,"column":13},"end":{"line":72,"column":5}},"line":64},"9":{"name":"(anonymous_9)","decl":{"start":{"line":74,"column":17},"end":{"line":74,"column":18}},"loc":{"start":{"line":74,"column":27},"end":{"line":75,"column":29}},"line":74},"10":{"name":"(anonymous_10)","decl":{"start":{"line":77,"column":20},"end":{"line":77,"column":21}},"loc":{"start":{"line":77,"column":33},"end":{"line":80,"column":7}},"line":77}},"branchMap":{"0":{"loc":{"start":{"line":8,"column":122},"end":{"line":8,"column":168}},"type":"cond-expr","locations":[{"start":{"line":8,"column":146},"end":{"line":8,"column":149}},{"start":{"line":8,"column":152},"end":{"line":8,"column":168}}],"line":8},"1":{"loc":{"start":{"line":8,"column":122},"end":{"line":8,"column":143}},"type":"binary-expr","locations":[{"start":{"line":8,"column":122},"end":{"line":8,"column":125}},{"start":{"line":8,"column":129},"end":{"line":8,"column":143}}],"line":8},"2":{"loc":{"start":{"line":13,"column":27},"end":{"line":13,"column":54}},"type":"cond-expr","locations":[{"start":{"line":13,"column":40},"end":{"line":13,"column":45}},{"start":{"line":13,"column":48},"end":{"line":13,"column":54}}],"line":13},"3":{"loc":{"start":{"line":16,"column":21},"end":{"line":16,"column":48}},"type":"cond-expr","locations":[{"start":{"line":16,"column":34},"end":{"line":16,"column":37}},{"start":{"line":16,"column":40},"end":{"line":16,"column":48}}],"line":16},"4":{"loc":{"start":{"line":20,"column":27},"end":{"line":20,"column":60}},"type":"cond-expr","locations":[{"start":{"line":20,"column":40},"end":{"line":20,"column":49}},{"start":{"line":20,"column":52},"end":{"line":20,"column":60}}],"line":20},"5":{"loc":{"start":{"line":47,"column":8},"end":{"line":49,"column":9}},"type":"if","locations":[{"start":{"line":47,"column":8},"end":{"line":49,"column":9}},{"start":{"line":47,"column":8},"end":{"line":49,"column":9}}],"line":47},"6":{"loc":{"start":{"line":52,"column":8},"end":{"line":54,"column":9}},"type":"if","locations":[{"start":{"line":52,"column":8},"end":{"line":54,"column":9}},{"start":{"line":52,"column":8},"end":{"line":54,"column":9}}],"line":52},"7":{"loc":{"start":{"line":55,"column":8},"end":{"line":57,"column":9}},"type":"if","locations":[{"start":{"line":55,"column":8},"end":{"line":57,"column":9}},{"start":{"line":55,"column":8},"end":{"line":57,"column":9}}],"line":55}},"s":{"0":0,"1":0,"2":0,"3":0,"4":0,"5":0,"6":0,"7":0,"8":0,"9":0,"10":0,"11":0,"12":0,"13":0,"14":0,"15":0,"16":0,"17":0,"18":0,"19":0,"20":0,"21":0,"22":0,"23":0,"24":0,"25":0,"26":0,"27":0,"28":0,"29":0,"30":0,"31":0,"32":0,"33":0,"34":0,"35":0,"36":0,"37":0,"38":0,"39":0,"40":0},"f":{"0":0,"1":0,"2":0,"3":0,"4":0,"5":0,"6":0,"7":0,"8":0,"9":0,"10":0},"b":{"0":[0,0],"1":[0,0],"2":[0,0],"3":[0,0],"4":[0,0],"5":[0,0],"6":[0,0],"7":[0,0]}}
,"/Users/zuomeng/Desktop/Keep/src/components/aside/item.js": {"path":"/Users/zuomeng/Desktop/Keep/src/components/aside/item.js","statementMap":{"0":{"start":{"line":1,"column":13},"end":{"line":1,"column":75}},"1":{"start":{"line":1,"column":94},"end":{"line":1,"column":152}},"2":{"start":{"line":1,"column":166},"end":{"line":1,"column":182}},"3":{"start":{"line":1,"column":197},"end":{"line":1,"column":227}},"4":{"start":{"line":2,"column":24},"end":{"line":2,"column":52}},"5":{"start":{"line":2,"column":78},"end":{"line":2,"column":119}},"6":{"start":{"line":3,"column":13},"end":{"line":3,"column":53}},"7":{"start":{"line":3,"column":68},"end":{"line":3,"column":98}},"8":{"start":{"line":3,"column":137},"end":{"line":3,"column":191}},"9":{"start":{"line":5,"column":13},"end":{"line":7,"column":139}},"10":{"start":{"line":6,"column":0},"end":{"line":7,"column":139}},"11":{"start":{"line":10,"column":19},"end":{"line":18,"column":1}},"12":{"start":{"line":19,"column":13},"end":{"line":21,"column":13}},"13":{"start":{"line":20,"column":0},"end":{"line":21,"column":13}},"14":{"start":{"line":24,"column":19},"end":{"line":35,"column":1}},"15":{"start":{"line":35,"column":2},"end":{"line":40,"column":10}},"16":{"start":{"line":38,"column":0},"end":{"line":40,"column":9}}},"fnMap":{"0":{"name":"_interopRequireDefault","decl":{"start":{"line":3,"column":108},"end":{"line":3,"column":130}},"loc":{"start":{"line":3,"column":136},"end":{"line":3,"column":192}},"line":3},"1":{"name":"(anonymous_1)","decl":{"start":{"line":5,"column":13},"end":{"line":5,"column":14}},"loc":{"start":{"line":6,"column":0},"end":{"line":7,"column":139}},"line":6},"2":{"name":"(anonymous_2)","decl":{"start":{"line":19,"column":13},"end":{"line":19,"column":14}},"loc":{"start":{"line":20,"column":0},"end":{"line":21,"column":13}},"line":20},"3":{"name":"(anonymous_3)","decl":{"start":{"line":19,"column":51},"end":{"line":19,"column":52}},"loc":{"start":{"line":19,"column":57},"end":{"line":19,"column":59}},"line":19},"4":{"name":"(anonymous_4)","decl":{"start":{"line":37,"column":0},"end":{"line":37,"column":1}},"loc":{"start":{"line":38,"column":0},"end":{"line":40,"column":9}},"line":38}},"branchMap":{"0":{"loc":{"start":{"line":3,"column":144},"end":{"line":3,"column":190}},"type":"cond-expr","locations":[{"start":{"line":3,"column":168},"end":{"line":3,"column":171}},{"start":{"line":3,"column":174},"end":{"line":3,"column":190}}],"line":3},"1":{"loc":{"start":{"line":3,"column":144},"end":{"line":3,"column":165}},"type":"binary-expr","locations":[{"start":{"line":3,"column":144},"end":{"line":3,"column":147}},{"start":{"line":3,"column":151},"end":{"line":3,"column":165}}],"line":3},"2":{"loc":{"start":{"line":19,"column":37},"end":{"line":19,"column":59}},"type":"default-arg","locations":[{"start":{"line":19,"column":51},"end":{"line":19,"column":59}}],"line":19}},"s":{"0":0,"1":0,"2":0,"3":0,"4":0,"5":0,"6":0,"7":0,"8":0,"9":0,"10":0,"11":0,"12":0,"13":0,"14":0,"15":0,"16":0},"f":{"0":0,"1":0,"2":0,"3":0,"4":0},"b":{"0":[0,0],"1":[0,0],"2":[0]}}
,"/Users/zuomeng/Desktop/Keep/src/components/aside/tags.js": {"path":"/Users/zuomeng/Desktop/Keep/src/components/aside/tags.js","statementMap":{"0":{"start":{"line":1,"column":13},"end":{"line":1,"column":75}},"1":{"start":{"line":1,"column":94},"end":{"line":1,"column":152}},"2":{"start":{"line":1,"column":166},"end":{"line":1,"column":182}},"3":{"start":{"line":1,"column":197},"end":{"line":1,"column":227}},"4":{"start":{"line":2,"column":18},"end":{"line":2,"column":40}},"5":{"start":{"line":3,"column":24},"end":{"line":3,"column":52}},"6":{"start":{"line":3,"column":78},"end":{"line":3,"column":119}},"7":{"start":{"line":4,"column":13},"end":{"line":4,"column":53}},"8":{"start":{"line":4,"column":68},"end":{"line":4,"column":98}},"9":{"start":{"line":5,"column":12},"end":{"line":5,"column":29}},"10":{"start":{"line":5,"column":43},"end":{"line":5,"column":72}},"11":{"start":{"line":6,"column":19},"end":{"line":6,"column":42}},"12":{"start":{"line":7,"column":14},"end":{"line":7,"column":41}},"13":{"start":{"line":8,"column":20},"end":{"line":8,"column":49}},"14":{"start":{"line":8,"column":71},"end":{"line":8,"column":108}},"15":{"start":{"line":9,"column":16},"end":{"line":9,"column":38}},"16":{"start":{"line":9,"column":56},"end":{"line":9,"column":89}},"17":{"start":{"line":9,"column":128},"end":{"line":9,"column":182}},"18":{"start":{"line":11,"column":14},"end":{"line":13,"column":174}},"19":{"start":{"line":12,"column":0},"end":{"line":13,"column":174}},"20":{"start":{"line":16,"column":20},"end":{"line":25,"column":1}},"21":{"start":{"line":26,"column":16},"end":{"line":30,"column":1}},"22":{"start":{"line":33,"column":4},"end":{"line":33,"column":17}},"23":{"start":{"line":34,"column":4},"end":{"line":34,"column":56}},"24":{"start":{"line":35,"column":4},"end":{"line":36,"column":20}},"25":{"start":{"line":40,"column":4},"end":{"line":40,"column":34}},"26":{"start":{"line":43,"column":4},"end":{"line":45,"column":5}},"27":{"start":{"line":44,"column":6},"end":{"line":44,"column":37}},"28":{"start":{"line":48,"column":21},"end":{"line":48,"column":31}},"29":{"start":{"line":49,"column":21},"end":{"line":49,"column":31}},"30":{"start":{"line":50,"column":4},"end":{"line":63,"column":194}},"31":{"start":{"line":54,"column":8},"end":{"line":55,"column":179}},"32":{"start":{"line":68,"column":17},"end":{"line":69,"column":27}},"33":{"start":{"line":68,"column":27},"end":{"line":69,"column":26}},"34":{"start":{"line":69,"column":28},"end":{"line":71,"column":52}}},"fnMap":{"0":{"name":"_interopRequireDefault","decl":{"start":{"line":9,"column":99},"end":{"line":9,"column":121}},"loc":{"start":{"line":9,"column":127},"end":{"line":9,"column":183}},"line":9},"1":{"name":"(anonymous_1)","decl":{"start":{"line":11,"column":14},"end":{"line":11,"column":15}},"loc":{"start":{"line":12,"column":0},"end":{"line":13,"column":174}},"line":12},"2":{"name":"(anonymous_2)","decl":{"start":{"line":32,"column":2},"end":{"line":32,"column":3}},"loc":{"start":{"line":32,"column":21},"end":{"line":38,"column":3}},"line":32},"3":{"name":"(anonymous_3)","decl":{"start":{"line":39,"column":2},"end":{"line":39,"column":3}},"loc":{"start":{"line":39,"column":18},"end":{"line":41,"column":3}},"line":39},"4":{"name":"(anonymous_4)","decl":{"start":{"line":42,"column":2},"end":{"line":42,"column":3}},"loc":{"start":{"line":42,"column":17},"end":{"line":46,"column":3}},"line":42},"5":{"name":"(anonymous_5)","decl":{"start":{"line":47,"column":2},"end":{"line":47,"column":3}},"loc":{"start":{"line":47,"column":11},"end":{"line":66,"column":3}},"line":47},"6":{"name":"(anonymous_6)","decl":{"start":{"line":53,"column":17},"end":{"line":53,"column":18}},"loc":{"start":{"line":54,"column":8},"end":{"line":55,"column":179}},"line":54},"7":{"name":"(anonymous_7)","decl":{"start":{"line":68,"column":17},"end":{"line":68,"column":18}},"loc":{"start":{"line":68,"column":27},"end":{"line":69,"column":26}},"line":68}},"branchMap":{"0":{"loc":{"start":{"line":9,"column":135},"end":{"line":9,"column":181}},"type":"cond-expr","locations":[{"start":{"line":9,"column":159},"end":{"line":9,"column":162}},{"start":{"line":9,"column":165},"end":{"line":9,"column":181}}],"line":9},"1":{"loc":{"start":{"line":9,"column":135},"end":{"line":9,"column":156}},"type":"binary-expr","locations":[{"start":{"line":9,"column":135},"end":{"line":9,"column":138}},{"start":{"line":9,"column":142},"end":{"line":9,"column":156}}],"line":9},"2":{"loc":{"start":{"line":43,"column":4},"end":{"line":45,"column":5}},"type":"if","locations":[{"start":{"line":43,"column":4},"end":{"line":45,"column":5}},{"start":{"line":43,"column":4},"end":{"line":45,"column":5}}],"line":43},"3":{"loc":{"start":{"line":63,"column":8},"end":{"line":63,"column":191}},"type":"binary-expr","locations":[{"start":{"line":63,"column":8},"end":{"line":63,"column":12}},{"start":{"line":63,"column":16},"end":{"line":63,"column":191}}],"line":63}},"s":{"0":0,"1":0,"2":0,"3":0,"4":0,"5":0,"6":0,"7":0,"8":0,"9":0,"10":0,"11":0,"12":0,"13":0,"14":0,"15":0,"16":0,"17":0,"18":0,"19":0,"20":0,"21":0,"22":0,"23":0,"24":0,"25":0,"26":0,"27":0,"28":0,"29":0,"30":0,"31":0,"32":0,"33":0,"34":0},"f":{"0":0,"1":0,"2":0,"3":0,"4":0,"5":0,"6":0,"7":0},"b":{"0":[0,0],"1":[0,0],"2":[0,0],"3":[0,0]}}
,"/Users/zuomeng/Desktop/Keep/src/components/aside/top.js": {"path":"/Users/zuomeng/Desktop/Keep/src/components/aside/top.js","statementMap":{"0":{"start":{"line":1,"column":13},"end":{"line":1,"column":75}},"1":{"start":{"line":1,"column":94},"end":{"line":1,"column":151}},"2":{"start":{"line":1,"column":165},"end":{"line":1,"column":181}},"3":{"start":{"line":1,"column":196},"end":{"line":1,"column":226}},"4":{"start":{"line":2,"column":24},"end":{"line":2,"column":52}},"5":{"start":{"line":2,"column":78},"end":{"line":2,"column":119}},"6":{"start":{"line":3,"column":13},"end":{"line":3,"column":53}},"7":{"start":{"line":3,"column":68},"end":{"line":3,"column":98}},"8":{"start":{"line":4,"column":12},"end":{"line":4,"column":29}},"9":{"start":{"line":4,"column":43},"end":{"line":4,"column":72}},"10":{"start":{"line":5,"column":19},"end":{"line":5,"column":42}},"11":{"start":{"line":5,"column":81},"end":{"line":5,"column":135}},"12":{"start":{"line":7,"column":18},"end":{"line":13,"column":192}},"13":{"start":{"line":8,"column":0},"end":{"line":13,"column":192}},"14":{"start":{"line":17,"column":24},"end":{"line":21,"column":1}},"15":{"start":{"line":21,"column":2},"end":{"line":23,"column":16}}},"fnMap":{"0":{"name":"_interopRequireDefault","decl":{"start":{"line":5,"column":52},"end":{"line":5,"column":74}},"loc":{"start":{"line":5,"column":80},"end":{"line":5,"column":136}},"line":5},"1":{"name":"(anonymous_1)","decl":{"start":{"line":7,"column":18},"end":{"line":7,"column":19}},"loc":{"start":{"line":8,"column":0},"end":{"line":13,"column":192}},"line":8}},"branchMap":{"0":{"loc":{"start":{"line":5,"column":88},"end":{"line":5,"column":134}},"type":"cond-expr","locations":[{"start":{"line":5,"column":112},"end":{"line":5,"column":115}},{"start":{"line":5,"column":118},"end":{"line":5,"column":134}}],"line":5},"1":{"loc":{"start":{"line":5,"column":88},"end":{"line":5,"column":109}},"type":"binary-expr","locations":[{"start":{"line":5,"column":88},"end":{"line":5,"column":91}},{"start":{"line":5,"column":95},"end":{"line":5,"column":109}}],"line":5}},"s":{"0":0,"1":0,"2":0,"3":0,"4":0,"5":0,"6":0,"7":0,"8":0,"9":0,"10":0,"11":0,"12":0,"13":0,"14":0,"15":0},"f":{"0":0,"1":0},"b":{"0":[0,0],"1":[0,0]}}
,"/Users/zuomeng/Desktop/Keep/src/components/aside/trash.js": {"path":"/Users/zuomeng/Desktop/Keep/src/components/aside/trash.js","statementMap":{"0":{"start":{"line":1,"column":13},"end":{"line":1,"column":75}},"1":{"start":{"line":1,"column":94},"end":{"line":1,"column":153}},"2":{"start":{"line":1,"column":167},"end":{"line":1,"column":183}},"3":{"start":{"line":1,"column":198},"end":{"line":1,"column":228}},"4":{"start":{"line":2,"column":24},"end":{"line":2,"column":52}},"5":{"start":{"line":2,"column":78},"end":{"line":2,"column":119}},"6":{"start":{"line":3,"column":13},"end":{"line":3,"column":53}},"7":{"start":{"line":3,"column":68},"end":{"line":3,"column":98}},"8":{"start":{"line":4,"column":12},"end":{"line":4,"column":29}},"9":{"start":{"line":4,"column":43},"end":{"line":4,"column":72}},"10":{"start":{"line":5,"column":19},"end":{"line":5,"column":42}},"11":{"start":{"line":5,"column":81},"end":{"line":5,"column":135}},"12":{"start":{"line":7,"column":18},"end":{"line":13,"column":199}},"13":{"start":{"line":8,"column":0},"end":{"line":13,"column":199}},"14":{"start":{"line":17,"column":24},"end":{"line":21,"column":1}},"15":{"start":{"line":21,"column":2},"end":{"line":23,"column":16}}},"fnMap":{"0":{"name":"_interopRequireDefault","decl":{"start":{"line":5,"column":52},"end":{"line":5,"column":74}},"loc":{"start":{"line":5,"column":80},"end":{"line":5,"column":136}},"line":5},"1":{"name":"(anonymous_1)","decl":{"start":{"line":7,"column":18},"end":{"line":7,"column":19}},"loc":{"start":{"line":8,"column":0},"end":{"line":13,"column":199}},"line":8}},"branchMap":{"0":{"loc":{"start":{"line":5,"column":88},"end":{"line":5,"column":134}},"type":"cond-expr","locations":[{"start":{"line":5,"column":112},"end":{"line":5,"column":115}},{"start":{"line":5,"column":118},"end":{"line":5,"column":134}}],"line":5},"1":{"loc":{"start":{"line":5,"column":88},"end":{"line":5,"column":109}},"type":"binary-expr","locations":[{"start":{"line":5,"column":88},"end":{"line":5,"column":91}},{"start":{"line":5,"column":95},"end":{"line":5,"column":109}}],"line":5}},"s":{"0":0,"1":0,"2":0,"3":0,"4":0,"5":0,"6":0,"7":0,"8":0,"9":0,"10":0,"11":0,"12":0,"13":0,"14":0,"15":0},"f":{"0":0,"1":0},"b":{"0":[0,0],"1":[0,0]}}
,"/Users/zuomeng/Desktop/Keep/src/components/cards/card.js": {"path":"/Users/zuomeng/Desktop/Keep/src/components/cards/card.js","statementMap":{"0":{"start":{"line":1,"column":13},"end":{"line":1,"column":75}},"1":{"start":{"line":1,"column":94},"end":{"line":1,"column":152}},"2":{"start":{"line":1,"column":168},"end":{"line":1,"column":399}},"3":{"start":{"line":1,"column":204},"end":{"line":1,"column":384}},"4":{"start":{"line":1,"column":261},"end":{"line":1,"column":273}},"5":{"start":{"line":1,"column":274},"end":{"line":1,"column":383}},"6":{"start":{"line":1,"column":299},"end":{"line":1,"column":382}},"7":{"start":{"line":1,"column":355},"end":{"line":1,"column":381}},"8":{"start":{"line":1,"column":384},"end":{"line":1,"column":398}},"9":{"start":{"line":1,"column":413},"end":{"line":1,"column":429}},"10":{"start":{"line":1,"column":444},"end":{"line":1,"column":474}},"11":{"start":{"line":2,"column":24},"end":{"line":2,"column":52}},"12":{"start":{"line":2,"column":78},"end":{"line":2,"column":119}},"13":{"start":{"line":3,"column":17},"end":{"line":3,"column":38}},"14":{"start":{"line":3,"column":57},"end":{"line":3,"column":91}},"15":{"start":{"line":4,"column":15},"end":{"line":4,"column":34}},"16":{"start":{"line":5,"column":18},"end":{"line":5,"column":40}},"17":{"start":{"line":6,"column":13},"end":{"line":6,"column":44}},"18":{"start":{"line":7,"column":14},"end":{"line":7,"column":37}},"19":{"start":{"line":7,"column":53},"end":{"line":7,"column":84}},"20":{"start":{"line":8,"column":15},"end":{"line":8,"column":43}},"21":{"start":{"line":8,"column":60},"end":{"line":8,"column":92}},"22":{"start":{"line":9,"column":11},"end":{"line":9,"column":41}},"23":{"start":{"line":9,"column":54},"end":{"line":9,"column":82}},"24":{"start":{"line":10,"column":14},"end":{"line":10,"column":47}},"25":{"start":{"line":10,"column":63},"end":{"line":10,"column":94}},"26":{"start":{"line":11,"column":12},"end":{"line":11,"column":43}},"27":{"start":{"line":11,"column":57},"end":{"line":11,"column":86}},"28":{"start":{"line":12,"column":20},"end":{"line":12,"column":49}},"29":{"start":{"line":12,"column":71},"end":{"line":12,"column":108}},"30":{"start":{"line":12,"column":147},"end":{"line":12,"column":201}},"31":{"start":{"line":14,"column":16},"end":{"line":39,"column":1}},"32":{"start":{"line":18,"column":20},"end":{"line":18,"column":47}},"33":{"start":{"line":19,"column":25},"end":{"line":19,"column":38}},"34":{"start":{"line":40,"column":14},"end":{"line":48,"column":1}},"35":{"start":{"line":49,"column":13},"end":{"line":57,"column":1}},"36":{"start":{"line":58,"column":22},"end":{"line":63,"column":1}},"37":{"start":{"line":61,"column":22},"end":{"line":61,"column":46}},"38":{"start":{"line":72,"column":4},"end":{"line":72,"column":17}},"39":{"start":{"line":73,"column":21},"end":{"line":73,"column":31}},"40":{"start":{"line":74,"column":31},"end":{"line":74,"column":71}},"41":{"start":{"line":75,"column":24},"end":{"line":75,"column":63}},"42":{"start":{"line":76,"column":4},"end":{"line":82,"column":25}},"43":{"start":{"line":84,"column":4},"end":{"line":84,"column":19}},"44":{"start":{"line":85,"column":4},"end":{"line":85,"column":71}},"45":{"start":{"line":85,"column":40},"end":{"line":85,"column":70}},"46":{"start":{"line":86,"column":4},"end":{"line":86,"column":68}},"47":{"start":{"line":86,"column":38},"end":{"line":86,"column":67}},"48":{"start":{"line":87,"column":4},"end":{"line":87,"column":59}},"49":{"start":{"line":88,"column":4},"end":{"line":88,"column":53}},"50":{"start":{"line":89,"column":4},"end":{"line":89,"column":57}},"51":{"start":{"line":90,"column":4},"end":{"line":90,"column":51}},"52":{"start":{"line":91,"column":4},"end":{"line":91,"column":67}},"53":{"start":{"line":92,"column":25},"end":{"line":92,"column":49}},"54":{"start":{"line":93,"column":26},"end":{"line":93,"column":50}},"55":{"start":{"line":94,"column":4},"end":{"line":99,"column":6}},"56":{"start":{"line":99,"column":6},"end":{"line":99,"column":31}},"57":{"start":{"line":100,"column":4},"end":{"line":105,"column":6}},"58":{"start":{"line":101,"column":6},"end":{"line":103,"column":7}},"59":{"start":{"line":102,"column":8},"end":{"line":102,"column":15}},"60":{"start":{"line":104,"column":6},"end":{"line":104,"column":43}},"61":{"start":{"line":108,"column":4},"end":{"line":108,"column":50}},"62":{"start":{"line":111,"column":4},"end":{"line":111,"column":33}},"63":{"start":{"line":112,"column":4},"end":{"line":112,"column":40}},"64":{"start":{"line":113,"column":4},"end":{"line":113,"column":84}},"65":{"start":{"line":113,"column":45},"end":{"line":113,"column":77}},"66":{"start":{"line":116,"column":4},"end":{"line":124,"column":7}},"67":{"start":{"line":117,"column":6},"end":{"line":117,"column":29}},"68":{"start":{"line":118,"column":19},"end":{"line":121,"column":30}},"69":{"start":{"line":123,"column":6},"end":{"line":123,"column":69}},"70":{"start":{"line":127,"column":4},"end":{"line":129,"column":5}},"71":{"start":{"line":128,"column":6},"end":{"line":128,"column":13}},"72":{"start":{"line":130,"column":21},"end":{"line":130,"column":31}},"73":{"start":{"line":131,"column":20},"end":{"line":131,"column":58}},"74":{"start":{"line":132,"column":4},"end":{"line":132,"column":38}},"75":{"start":{"line":133,"column":4},"end":{"line":133,"column":34}},"76":{"start":{"line":136,"column":21},"end":{"line":136,"column":31}},"77":{"start":{"line":137,"column":4},"end":{"line":139,"column":5}},"78":{"start":{"line":138,"column":6},"end":{"line":138,"column":13}},"79":{"start":{"line":140,"column":20},"end":{"line":140,"column":72}},"80":{"start":{"line":141,"column":4},"end":{"line":141,"column":34}},"81":{"start":{"line":144,"column":4},"end":{"line":144,"column":88}},"82":{"start":{"line":145,"column":4},"end":{"line":145,"column":40}},"83":{"start":{"line":148,"column":21},"end":{"line":148,"column":31}},"84":{"start":{"line":149,"column":4},"end":{"line":151,"column":5}},"85":{"start":{"line":150,"column":6},"end":{"line":150,"column":13}},"86":{"start":{"line":152,"column":20},"end":{"line":152,"column":66}},"87":{"start":{"line":153,"column":4},"end":{"line":153,"column":34}},"88":{"start":{"line":156,"column":21},"end":{"line":156,"column":31}},"89":{"start":{"line":157,"column":4},"end":{"line":159,"column":5}},"90":{"start":{"line":158,"column":6},"end":{"line":158,"column":13}},"91":{"start":{"line":160,"column":23},"end":{"line":160,"column":33}},"92":{"start":{"line":161,"column":20},"end":{"line":161,"column":54}},"93":{"start":{"line":162,"column":4},"end":{"line":162,"column":34}},"94":{"start":{"line":165,"column":31},"end":{"line":165,"column":61}},"95":{"start":{"line":166,"column":17},"end":{"line":166,"column":38}},"96":{"start":{"line":167,"column":4},"end":{"line":167,"column":80}},"97":{"start":{"line":170,"column":21},"end":{"line":170,"column":31}},"98":{"start":{"line":171,"column":15},"end":{"line":171,"column":25}},"99":{"start":{"line":172,"column":17},"end":{"line":172,"column":80}},"100":{"start":{"line":172,"column":41},"end":{"line":172,"column":59}},"101":{"start":{"line":173,"column":18},"end":{"line":173,"column":20}},"102":{"start":{"line":174,"column":4},"end":{"line":178,"column":5}},"103":{"start":{"line":175,"column":6},"end":{"line":175,"column":57}},"104":{"start":{"line":175,"column":37},"end":{"line":175,"column":55}},"105":{"start":{"line":177,"column":6},"end":{"line":177,"column":49}},"106":{"start":{"line":179,"column":4},"end":{"line":179,"column":37}},"107":{"start":{"line":180,"column":20},"end":{"line":180,"column":58}},"108":{"start":{"line":181,"column":4},"end":{"line":184,"column":7}},"109":{"start":{"line":182,"column":26},"end":{"line":182,"column":59}},"110":{"start":{"line":183,"column":6},"end":{"line":183,"column":40}},"111":{"start":{"line":187,"column":4},"end":{"line":197,"column":6}},"112":{"start":{"line":188,"column":23},"end":{"line":188,"column":33}},"113":{"start":{"line":189,"column":17},"end":{"line":189,"column":27}},"114":{"start":{"line":190,"column":16},"end":{"line":190,"column":52}},"115":{"start":{"line":190,"column":33},"end":{"line":190,"column":51}},"116":{"start":{"line":191,"column":16},"end":{"line":191,"column":54}},"117":{"start":{"line":192,"column":6},"end":{"line":192,"column":39}},"118":{"start":{"line":193,"column":6},"end":{"line":196,"column":9}},"119":{"start":{"line":194,"column":28},"end":{"line":194,"column":61}},"120":{"start":{"line":195,"column":8},"end":{"line":195,"column":42}},"121":{"start":{"line":200,"column":4},"end":{"line":200,"column":62}},"122":{"start":{"line":200,"column":21},"end":{"line":200,"column":57}},"123":{"start":{"line":203,"column":4},"end":{"line":203,"column":28}},"124":{"start":{"line":206,"column":67},"end":{"line":206,"column":77}},"125":{"start":{"line":207,"column":21},"end":{"line":207,"column":31}},"126":{"start":{"line":208,"column":22},"end":{"line":208,"column":68}},"127":{"start":{"line":209,"column":15},"end":{"line":209,"column":60}},"128":{"start":{"line":210,"column":18},"end":{"line":210,"column":48}},"129":{"start":{"line":211,"column":4},"end":{"line":244,"column":117}},"130":{"start":{"line":216,"column":77},"end":{"line":216,"column":106}},"131":{"start":{"line":235,"column":8},"end":{"line":235,"column":186}},"132":{"start":{"line":249,"column":4},"end":{"line":249,"column":69}},"133":{"start":{"line":249,"column":69},"end":{"line":249,"column":107}},"134":{"start":{"line":252,"column":20},"end":{"line":258,"column":6}},"135":{"start":{"line":252,"column":33},"end":{"line":258,"column":5}},"136":{"start":{"line":254,"column":4},"end":{"line":254,"column":44}},"137":{"start":{"line":257,"column":4},"end":{"line":257,"column":48}},"138":{"start":{"line":258,"column":7},"end":{"line":261,"column":50}}},"fnMap":{"0":{"name":"(anonymous_0)","decl":{"start":{"line":1,"column":185},"end":{"line":1,"column":186}},"loc":{"start":{"line":1,"column":203},"end":{"line":1,"column":399}},"line":1},"1":{"name":"_interopRequireDefault","decl":{"start":{"line":12,"column":118},"end":{"line":12,"column":140}},"loc":{"start":{"line":12,"column":146},"end":{"line":12,"column":202}},"line":12},"2":{"name":"(anonymous_2)","decl":{"start":{"line":18,"column":11},"end":{"line":18,"column":12}},"loc":{"start":{"line":18,"column":20},"end":{"line":18,"column":47}},"line":18},"3":{"name":"(anonymous_3)","decl":{"start":{"line":19,"column":16},"end":{"line":19,"column":17}},"loc":{"start":{"line":19,"column":25},"end":{"line":19,"column":38}},"line":19},"4":{"name":"(anonymous_4)","decl":{"start":{"line":61,"column":13},"end":{"line":61,"column":14}},"loc":{"start":{"line":61,"column":22},"end":{"line":61,"column":46}},"line":61},"5":{"name":"(anonymous_5)","decl":{"start":{"line":71,"column":2},"end":{"line":71,"column":3}},"loc":{"start":{"line":71,"column":21},"end":{"line":106,"column":3}},"line":71},"6":{"name":"(anonymous_6)","decl":{"start":{"line":85,"column":25},"end":{"line":85,"column":26}},"loc":{"start":{"line":85,"column":40},"end":{"line":85,"column":70}},"line":85},"7":{"name":"(anonymous_7)","decl":{"start":{"line":86,"column":24},"end":{"line":86,"column":25}},"loc":{"start":{"line":86,"column":38},"end":{"line":86,"column":67}},"line":86},"8":{"name":"(anonymous_8)","decl":{"start":{"line":100,"column":20},"end":{"line":100,"column":21}},"loc":{"start":{"line":100,"column":26},"end":{"line":105,"column":5}},"line":100},"9":{"name":"(anonymous_9)","decl":{"start":{"line":107,"column":2},"end":{"line":107,"column":3}},"loc":{"start":{"line":107,"column":39},"end":{"line":109,"column":3}},"line":107},"10":{"name":"(anonymous_10)","decl":{"start":{"line":110,"column":2},"end":{"line":110,"column":3}},"loc":{"start":{"line":110,"column":27},"end":{"line":114,"column":3}},"line":110},"11":{"name":"(anonymous_11)","decl":{"start":{"line":113,"column":39},"end":{"line":113,"column":40}},"loc":{"start":{"line":113,"column":45},"end":{"line":113,"column":77}},"line":113},"12":{"name":"(anonymous_12)","decl":{"start":{"line":115,"column":2},"end":{"line":115,"column":3}},"loc":{"start":{"line":115,"column":28},"end":{"line":125,"column":3}},"line":115},"13":{"name":"(anonymous_13)","decl":{"start":{"line":116,"column":23},"end":{"line":116,"column":24}},"loc":{"start":{"line":116,"column":34},"end":{"line":124,"column":5}},"line":116},"14":{"name":"(anonymous_14)","decl":{"start":{"line":126,"column":2},"end":{"line":126,"column":3}},"loc":{"start":{"line":126,"column":22},"end":{"line":134,"column":3}},"line":126},"15":{"name":"(anonymous_15)","decl":{"start":{"line":135,"column":2},"end":{"line":135,"column":3}},"loc":{"start":{"line":135,"column":19},"end":{"line":142,"column":3}},"line":135},"16":{"name":"(anonymous_16)","decl":{"start":{"line":143,"column":2},"end":{"line":143,"column":3}},"loc":{"start":{"line":143,"column":19},"end":{"line":146,"column":3}},"line":143},"17":{"name":"(anonymous_17)","decl":{"start":{"line":147,"column":2},"end":{"line":147,"column":3}},"loc":{"start":{"line":147,"column":15},"end":{"line":154,"column":3}},"line":147},"18":{"name":"(anonymous_18)","decl":{"start":{"line":155,"column":2},"end":{"line":155,"column":3}},"loc":{"start":{"line":155,"column":13},"end":{"line":163,"column":3}},"line":155},"19":{"name":"(anonymous_19)","decl":{"start":{"line":164,"column":2},"end":{"line":164,"column":3}},"loc":{"start":{"line":164,"column":16},"end":{"line":168,"column":3}},"line":164},"20":{"name":"(anonymous_20)","decl":{"start":{"line":169,"column":2},"end":{"line":169,"column":3}},"loc":{"start":{"line":169,"column":26},"end":{"line":185,"column":3}},"line":169},"21":{"name":"(anonymous_21)","decl":{"start":{"line":172,"column":36},"end":{"line":172,"column":37}},"loc":{"start":{"line":172,"column":41},"end":{"line":172,"column":59}},"line":172},"22":{"name":"(anonymous_22)","decl":{"start":{"line":175,"column":32},"end":{"line":175,"column":33}},"loc":{"start":{"line":175,"column":37},"end":{"line":175,"column":55}},"line":175},"23":{"name":"(anonymous_23)","decl":{"start":{"line":181,"column":40},"end":{"line":181,"column":41}},"loc":{"start":{"line":181,"column":50},"end":{"line":184,"column":5}},"line":181},"24":{"name":"(anonymous_24)","decl":{"start":{"line":186,"column":2},"end":{"line":186,"column":3}},"loc":{"start":{"line":186,"column":23},"end":{"line":198,"column":3}},"line":186},"25":{"name":"(anonymous_25)","decl":{"start":{"line":187,"column":11},"end":{"line":187,"column":12}},"loc":{"start":{"line":187,"column":17},"end":{"line":197,"column":5}},"line":187},"26":{"name":"(anonymous_26)","decl":{"start":{"line":190,"column":28},"end":{"line":190,"column":29}},"loc":{"start":{"line":190,"column":33},"end":{"line":190,"column":51}},"line":190},"27":{"name":"(anonymous_27)","decl":{"start":{"line":193,"column":42},"end":{"line":193,"column":43}},"loc":{"start":{"line":193,"column":52},"end":{"line":196,"column":7}},"line":193},"28":{"name":"(anonymous_28)","decl":{"start":{"line":199,"column":2},"end":{"line":199,"column":3}},"loc":{"start":{"line":199,"column":22},"end":{"line":201,"column":3}},"line":199},"29":{"name":"(anonymous_29)","decl":{"start":{"line":200,"column":15},"end":{"line":200,"column":16}},"loc":{"start":{"line":200,"column":21},"end":{"line":200,"column":57}},"line":200},"30":{"name":"(anonymous_30)","decl":{"start":{"line":202,"column":2},"end":{"line":202,"column":3}},"loc":{"start":{"line":202,"column":25},"end":{"line":204,"column":3}},"line":202},"31":{"name":"(anonymous_31)","decl":{"start":{"line":205,"column":2},"end":{"line":205,"column":3}},"loc":{"start":{"line":205,"column":11},"end":{"line":249,"column":3}},"line":205},"32":{"name":"(anonymous_32)","decl":{"start":{"line":216,"column":71},"end":{"line":216,"column":72}},"loc":{"start":{"line":216,"column":77},"end":{"line":216,"column":106}},"line":216},"33":{"name":"(anonymous_33)","decl":{"start":{"line":234,"column":17},"end":{"line":234,"column":18}},"loc":{"start":{"line":235,"column":8},"end":{"line":235,"column":186}},"line":235},"34":{"name":"(anonymous_34)","decl":{"start":{"line":252,"column":20},"end":{"line":252,"column":21}},"loc":{"start":{"line":252,"column":33},"end":{"line":258,"column":5}},"line":252}},"branchMap":{"0":{"loc":{"start":{"line":1,"column":168},"end":{"line":1,"column":399}},"type":"binary-expr","locations":[{"start":{"line":1,"column":168},"end":{"line":1,"column":181}},{"start":{"line":1,"column":185},"end":{"line":1,"column":399}}],"line":1},"1":{"loc":{"start":{"line":1,"column":299},"end":{"line":1,"column":382}},"type":"if","locations":[{"start":{"line":1,"column":299},"end":{"line":1,"column":382}},{"start":{"line":1,"column":299},"end":{"line":1,"column":382}}],"line":1},"2":{"loc":{"start":{"line":12,"column":154},"end":{"line":12,"column":200}},"type":"cond-expr","locations":[{"start":{"line":12,"column":178},"end":{"line":12,"column":181}},{"start":{"line":12,"column":184},"end":{"line":12,"column":200}}],"line":12},"3":{"loc":{"start":{"line":12,"column":154},"end":{"line":12,"column":175}},"type":"binary-expr","locations":[{"start":{"line":12,"column":154},"end":{"line":12,"column":157}},{"start":{"line":12,"column":161},"end":{"line":12,"column":175}}],"line":12},"4":{"loc":{"start":{"line":18,"column":20},"end":{"line":18,"column":47}},"type":"cond-expr","locations":[{"start":{"line":18,"column":35},"end":{"line":18,"column":37}},{"start":{"line":18,"column":40},"end":{"line":18,"column":47}}],"line":18},"5":{"loc":{"start":{"line":61,"column":22},"end":{"line":61,"column":46}},"type":"cond-expr","locations":[{"start":{"line":61,"column":41},"end":{"line":61,"column":42}},{"start":{"line":61,"column":45},"end":{"line":61,"column":46}}],"line":61},"6":{"loc":{"start":{"line":79,"column":15},"end":{"line":79,"column":40}},"type":"binary-expr","locations":[{"start":{"line":79,"column":15},"end":{"line":79,"column":27}},{"start":{"line":79,"column":31},"end":{"line":79,"column":40}}],"line":79},"7":{"loc":{"start":{"line":101,"column":6},"end":{"line":103,"column":7}},"type":"if","locations":[{"start":{"line":101,"column":6},"end":{"line":103,"column":7}},{"start":{"line":101,"column":6},"end":{"line":103,"column":7}}],"line":101},"8":{"loc":{"start":{"line":127,"column":4},"end":{"line":129,"column":5}},"type":"if","locations":[{"start":{"line":127,"column":4},"end":{"line":129,"column":5}},{"start":{"line":127,"column":4},"end":{"line":129,"column":5}}],"line":127},"9":{"loc":{"start":{"line":137,"column":4},"end":{"line":139,"column":5}},"type":"if","locations":[{"start":{"line":137,"column":4},"end":{"line":139,"column":5}},{"start":{"line":137,"column":4},"end":{"line":139,"column":5}}],"line":137},"10":{"loc":{"start":{"line":149,"column":4},"end":{"line":151,"column":5}},"type":"if","locations":[{"start":{"line":149,"column":4},"end":{"line":151,"column":5}},{"start":{"line":149,"column":4},"end":{"line":151,"column":5}}],"line":149},"11":{"loc":{"start":{"line":149,"column":8},"end":{"line":149,"column":42}},"type":"binary-expr","locations":[{"start":{"line":149,"column":8},"end":{"line":149,"column":23}},{"start":{"line":149,"column":27},"end":{"line":149,"column":42}}],"line":149},"12":{"loc":{"start":{"line":157,"column":4},"end":{"line":159,"column":5}},"type":"if","locations":[{"start":{"line":157,"column":4},"end":{"line":159,"column":5}},{"start":{"line":157,"column":4},"end":{"line":159,"column":5}}],"line":157},"13":{"loc":{"start":{"line":172,"column":17},"end":{"line":172,"column":80}},"type":"cond-expr","locations":[{"start":{"line":172,"column":68},"end":{"line":172,"column":72}},{"start":{"line":172,"column":75},"end":{"line":172,"column":80}}],"line":172},"14":{"loc":{"start":{"line":174,"column":4},"end":{"line":178,"column":5}},"type":"if","locations":[{"start":{"line":174,"column":4},"end":{"line":178,"column":5}},{"start":{"line":174,"column":4},"end":{"line":178,"column":5}}],"line":174},"15":{"loc":{"start":{"line":210,"column":18},"end":{"line":210,"column":48}},"type":"cond-expr","locations":[{"start":{"line":210,"column":33},"end":{"line":210,"column":39}},{"start":{"line":210,"column":42},"end":{"line":210,"column":48}}],"line":210},"16":{"loc":{"start":{"line":218,"column":8},"end":{"line":223,"column":99}},"type":"binary-expr","locations":[{"start":{"line":218,"column":8},"end":{"line":218,"column":17}},{"start":{"line":219,"column":8},"end":{"line":223,"column":99}}],"line":218},"17":{"loc":{"start":{"line":226,"column":8},"end":{"line":231,"column":99}},"type":"binary-expr","locations":[{"start":{"line":226,"column":8},"end":{"line":226,"column":16}},{"start":{"line":227,"column":8},"end":{"line":231,"column":99}}],"line":226},"18":{"loc":{"start":{"line":238,"column":10},"end":{"line":244,"column":113}},"type":"binary-expr","locations":[{"start":{"line":238,"column":10},"end":{"line":238,"column":32}},{"start":{"line":239,"column":10},"end":{"line":244,"column":113}}],"line":238}},"s":{"0":0,"1":0,"2":0,"3":0,"4":0,"5":0,"6":0,"7":0,"8":0,"9":0,"10":0,"11":0,"12":0,"13":0,"14":0,"15":0,"16":0,"17":0,"18":0,"19":0,"20":0,"21":0,"22":0,"23":0,"24":0,"25":0,"26":0,"27":0,"28":0,"29":0,"30":0,"31":0,"32":0,"33":0,"34":0,"35":0,"36":0,"37":0,"38":0,"39":0,"40":0,"41":0,"42":0,"43":0,"44":0,"45":0,"46":0,"47":0,"48":0,"49":0,"50":0,"51":0,"52":0,"53":0,"54":0,"55":0,"56":0,"57":0,"58":0,"59":0,"60":0,"61":0,"62":0,"63":0,"64":0,"65":0,"66":0,"67":0,"68":0,"69":0,"70":0,"71":0,"72":0,"73":0,"74":0,"75":0,"76":0,"77":0,"78":0,"79":0,"80":0,"81":0,"82":0,"83":0,"84":0,"85":0,"86":0,"87":0,"88":0,"89":0,"90":0,"91":0,"92":0,"93":0,"94":0,"95":0,"96":0,"97":0,"98":0,"99":0,"100":0,"101":0,"102":0,"103":0,"104":0,"105":0,"106":0,"107":0,"108":0,"109":0,"110":0,"111":0,"112":0,"113":0,"114":0,"115":0,"116":0,"117":0,"118":0,"119":0,"120":0,"121":0,"122":0,"123":0,"124":0,"125":0,"126":0,"127":0,"128":0,"129":0,"130":0,"131":0,"132":0,"133":0,"134":0,"135":0,"136":0,"137":0,"138":0},"f":{"0":0,"1":0,"2":0,"3":0,"4":0,"5":0,"6":0,"7":0,"8":0,"9":0,"10":0,"11":0,"12":0,"13":0,"14":0,"15":0,"16":0,"17":0,"18":0,"19":0,"20":0,"21":0,"22":0,"23":0,"24":0,"25":0,"26":0,"27":0,"28":0,"29":0,"30":0,"31":0,"32":0,"33":0,"34":0},"b":{"0":[0,0],"1":[0,0],"2":[0,0],"3":[0,0],"4":[0,0],"5":[0,0],"6":[0,0],"7":[0,0],"8":[0,0],"9":[0,0],"10":[0,0],"11":[0,0],"12":[0,0],"13":[0,0],"14":[0,0],"15":[0,0],"16":[0,0],"17":[0,0],"18":[0,0]}}
,"/Users/zuomeng/Desktop/Keep/src/components/cards/index.js": {"path":"/Users/zuomeng/Desktop/Keep/src/components/cards/index.js","statementMap":{"0":{"start":{"line":1,"column":13},"end":{"line":1,"column":75}},"1":{"start":{"line":1,"column":94},"end":{"line":1,"column":153}},"2":{"start":{"line":1,"column":167},"end":{"line":1,"column":183}},"3":{"start":{"line":1,"column":198},"end":{"line":1,"column":228}},"4":{"start":{"line":2,"column":17},"end":{"line":2,"column":38}},"5":{"start":{"line":2,"column":57},"end":{"line":2,"column":91}},"6":{"start":{"line":3,"column":18},"end":{"line":3,"column":40}},"7":{"start":{"line":4,"column":17},"end":{"line":4,"column":47}},"8":{"start":{"line":4,"column":66},"end":{"line":4,"column":100}},"9":{"start":{"line":5,"column":12},"end":{"line":5,"column":29}},"10":{"start":{"line":5,"column":43},"end":{"line":5,"column":72}},"11":{"start":{"line":6,"column":20},"end":{"line":6,"column":49}},"12":{"start":{"line":6,"column":71},"end":{"line":6,"column":108}},"13":{"start":{"line":7,"column":24},"end":{"line":7,"column":52}},"14":{"start":{"line":7,"column":78},"end":{"line":7,"column":119}},"15":{"start":{"line":7,"column":158},"end":{"line":7,"column":212}},"16":{"start":{"line":9,"column":18},"end":{"line":11,"column":1}},"17":{"start":{"line":20,"column":8},"end":{"line":20,"column":21}},"18":{"start":{"line":21,"column":8},"end":{"line":23,"column":50}},"19":{"start":{"line":25,"column":8},"end":{"line":25,"column":71}},"20":{"start":{"line":28,"column":8},"end":{"line":28,"column":50}},"21":{"start":{"line":31,"column":26},"end":{"line":31,"column":36}},"22":{"start":{"line":32,"column":39},"end":{"line":32,"column":49}},"23":{"start":{"line":33,"column":8},"end":{"line":35,"column":9}},"24":{"start":{"line":34,"column":12},"end":{"line":34,"column":24}},"25":{"start":{"line":36,"column":8},"end":{"line":47,"column":106}},"26":{"start":{"line":51,"column":6},"end":{"line":51,"column":61}},"27":{"start":{"line":51,"column":61},"end":{"line":51,"column":98}},"28":{"start":{"line":54,"column":17},"end":{"line":55,"column":41}},"29":{"start":{"line":54,"column":27},"end":{"line":55,"column":40}},"30":{"start":{"line":55,"column":42},"end":{"line":58,"column":48}}},"fnMap":{"0":{"name":"_interopRequireDefault","decl":{"start":{"line":7,"column":129},"end":{"line":7,"column":151}},"loc":{"start":{"line":7,"column":157},"end":{"line":7,"column":213}},"line":7},"1":{"name":"(anonymous_1)","decl":{"start":{"line":19,"column":4},"end":{"line":19,"column":5}},"loc":{"start":{"line":19,"column":23},"end":{"line":26,"column":5}},"line":19},"2":{"name":"(anonymous_2)","decl":{"start":{"line":27,"column":4},"end":{"line":27,"column":5}},"loc":{"start":{"line":27,"column":41},"end":{"line":29,"column":5}},"line":27},"3":{"name":"(anonymous_3)","decl":{"start":{"line":30,"column":4},"end":{"line":30,"column":5}},"loc":{"start":{"line":30,"column":13},"end":{"line":51,"column":5}},"line":30},"4":{"name":"(anonymous_4)","decl":{"start":{"line":54,"column":17},"end":{"line":54,"column":18}},"loc":{"start":{"line":54,"column":27},"end":{"line":55,"column":40}},"line":54}},"branchMap":{"0":{"loc":{"start":{"line":7,"column":165},"end":{"line":7,"column":211}},"type":"cond-expr","locations":[{"start":{"line":7,"column":189},"end":{"line":7,"column":192}},{"start":{"line":7,"column":195},"end":{"line":7,"column":211}}],"line":7},"1":{"loc":{"start":{"line":7,"column":165},"end":{"line":7,"column":186}},"type":"binary-expr","locations":[{"start":{"line":7,"column":165},"end":{"line":7,"column":168}},{"start":{"line":7,"column":172},"end":{"line":7,"column":186}}],"line":7},"2":{"loc":{"start":{"line":33,"column":8},"end":{"line":35,"column":9}},"type":"if","locations":[{"start":{"line":33,"column":8},"end":{"line":35,"column":9}},{"start":{"line":33,"column":8},"end":{"line":35,"column":9}}],"line":33},"3":{"loc":{"start":{"line":38,"column":16},"end":{"line":42,"column":103}},"type":"binary-expr","locations":[{"start":{"line":38,"column":16},"end":{"line":38,"column":27}},{"start":{"line":39,"column":16},"end":{"line":42,"column":103}}],"line":38},"4":{"loc":{"start":{"line":44,"column":16},"end":{"line":47,"column":103}},"type":"binary-expr","locations":[{"start":{"line":44,"column":16},"end":{"line":44,"column":28}},{"start":{"line":45,"column":16},"end":{"line":47,"column":103}}],"line":44}},"s":{"0":0,"1":0,"2":0,"3":0,"4":0,"5":0,"6":0,"7":0,"8":0,"9":0,"10":0,"11":0,"12":0,"13":0,"14":0,"15":0,"16":0,"17":0,"18":0,"19":0,"20":0,"21":0,"22":0,"23":0,"24":0,"25":0,"26":0,"27":0,"28":0,"29":0,"30":0},"f":{"0":0,"1":0,"2":0,"3":0,"4":0},"b":{"0":[0,0],"1":[0,0],"2":[0,0],"3":[0,0],"4":[0,0]}}
,"/Users/zuomeng/Desktop/Keep/src/components/cards/list.js": {"path":"/Users/zuomeng/Desktop/Keep/src/components/cards/list.js","statementMap":{"0":{"start":{"line":1,"column":13},"end":{"line":1,"column":75}},"1":{"start":{"line":1,"column":94},"end":{"line":1,"column":152}},"2":{"start":{"line":1,"column":166},"end":{"line":1,"column":182}},"3":{"start":{"line":1,"column":197},"end":{"line":1,"column":227}},"4":{"start":{"line":2,"column":17},"end":{"line":2,"column":38}},"5":{"start":{"line":2,"column":57},"end":{"line":2,"column":91}},"6":{"start":{"line":3,"column":24},"end":{"line":3,"column":52}},"7":{"start":{"line":3,"column":78},"end":{"line":3,"column":119}},"8":{"start":{"line":4,"column":12},"end":{"line":4,"column":29}},"9":{"start":{"line":4,"column":43},"end":{"line":4,"column":72}},"10":{"start":{"line":5,"column":13},"end":{"line":5,"column":39}},"11":{"start":{"line":5,"column":54},"end":{"line":5,"column":84}},"12":{"start":{"line":6,"column":20},"end":{"line":6,"column":49}},"13":{"start":{"line":6,"column":71},"end":{"line":6,"column":108}},"14":{"start":{"line":6,"column":147},"end":{"line":6,"column":201}},"15":{"start":{"line":8,"column":18},"end":{"line":10,"column":1}},"16":{"start":{"line":11,"column":20},"end":{"line":16,"column":1}},"17":{"start":{"line":17,"column":14},"end":{"line":21,"column":1}},"18":{"start":{"line":27,"column":4},"end":{"line":27,"column":17}},"19":{"start":{"line":28,"column":4},"end":{"line":28,"column":67}},"20":{"start":{"line":31,"column":29},"end":{"line":31,"column":39}},"21":{"start":{"line":32,"column":4},"end":{"line":40,"column":155}},"22":{"start":{"line":39,"column":8},"end":{"line":40,"column":151}},"23":{"start":{"line":45,"column":4},"end":{"line":45,"column":69}},"24":{"start":{"line":45,"column":69},"end":{"line":48,"column":5}}},"fnMap":{"0":{"name":"_interopRequireDefault","decl":{"start":{"line":6,"column":118},"end":{"line":6,"column":140}},"loc":{"start":{"line":6,"column":146},"end":{"line":6,"column":202}},"line":6},"1":{"name":"(anonymous_1)","decl":{"start":{"line":26,"column":2},"end":{"line":26,"column":3}},"loc":{"start":{"line":26,"column":21},"end":{"line":29,"column":3}},"line":26},"2":{"name":"(anonymous_2)","decl":{"start":{"line":30,"column":2},"end":{"line":30,"column":3}},"loc":{"start":{"line":30,"column":11},"end":{"line":45,"column":3}},"line":30},"3":{"name":"(anonymous_3)","decl":{"start":{"line":38,"column":18},"end":{"line":38,"column":19}},"loc":{"start":{"line":39,"column":8},"end":{"line":40,"column":151}},"line":39}},"branchMap":{"0":{"loc":{"start":{"line":6,"column":154},"end":{"line":6,"column":200}},"type":"cond-expr","locations":[{"start":{"line":6,"column":178},"end":{"line":6,"column":181}},{"start":{"line":6,"column":184},"end":{"line":6,"column":200}}],"line":6},"1":{"loc":{"start":{"line":6,"column":154},"end":{"line":6,"column":175}},"type":"binary-expr","locations":[{"start":{"line":6,"column":154},"end":{"line":6,"column":157}},{"start":{"line":6,"column":161},"end":{"line":6,"column":175}}],"line":6},"2":{"loc":{"start":{"line":34,"column":8},"end":{"line":36,"column":16}},"type":"binary-expr","locations":[{"start":{"line":34,"column":8},"end":{"line":34,"column":13}},{"start":{"line":35,"column":8},"end":{"line":36,"column":16}}],"line":34}},"s":{"0":0,"1":0,"2":0,"3":0,"4":0,"5":0,"6":0,"7":0,"8":0,"9":0,"10":0,"11":0,"12":0,"13":0,"14":0,"15":0,"16":0,"17":0,"18":0,"19":0,"20":0,"21":0,"22":0,"23":0,"24":0},"f":{"0":0,"1":0,"2":0,"3":0},"b":{"0":[0,0],"1":[0,0],"2":[0,0]}}
,"/Users/zuomeng/Desktop/Keep/src/components/commen/button/index.js": {"path":"/Users/zuomeng/Desktop/Keep/src/components/commen/button/index.js","statementMap":{"0":{"start":{"line":1,"column":13},"end":{"line":1,"column":75}},"1":{"start":{"line":1,"column":75},"end":{"line":1,"column":129}},"2":{"start":{"line":1,"column":153},"end":{"line":1,"column":181}},"3":{"start":{"line":1,"column":207},"end":{"line":1,"column":248}},"4":{"start":{"line":1,"column":287},"end":{"line":1,"column":341}},"5":{"start":{"line":4,"column":21},"end":{"line":18,"column":1}},"6":{"start":{"line":19,"column":19},"end":{"line":32,"column":1}},"7":{"start":{"line":21,"column":20},"end":{"line":21,"column":31}},"8":{"start":{"line":32,"column":2},"end":{"line":35,"column":28}},"9":{"start":{"line":35,"column":28},"end":{"line":36,"column":24}}},"fnMap":{"0":{"name":"_interopRequireDefault","decl":{"start":{"line":1,"column":258},"end":{"line":1,"column":280}},"loc":{"start":{"line":1,"column":286},"end":{"line":1,"column":342}},"line":1},"1":{"name":"(anonymous_1)","decl":{"start":{"line":21,"column":11},"end":{"line":21,"column":12}},"loc":{"start":{"line":21,"column":20},"end":{"line":21,"column":31}},"line":21}},"branchMap":{"0":{"loc":{"start":{"line":1,"column":294},"end":{"line":1,"column":340}},"type":"cond-expr","locations":[{"start":{"line":1,"column":318},"end":{"line":1,"column":321}},{"start":{"line":1,"column":324},"end":{"line":1,"column":340}}],"line":1},"1":{"loc":{"start":{"line":1,"column":294},"end":{"line":1,"column":315}},"type":"binary-expr","locations":[{"start":{"line":1,"column":294},"end":{"line":1,"column":297}},{"start":{"line":1,"column":301},"end":{"line":1,"column":315}}],"line":1}},"s":{"0":0,"1":0,"2":0,"3":0,"4":0,"5":0,"6":0,"7":0,"8":0,"9":0},"f":{"0":0,"1":0},"b":{"0":[0,0],"1":[0,0]}}
,"/Users/zuomeng/Desktop/Keep/src/components/commen/color/index.js": {"path":"/Users/zuomeng/Desktop/Keep/src/components/commen/color/index.js","statementMap":{"0":{"start":{"line":1,"column":13},"end":{"line":1,"column":75}},"1":{"start":{"line":1,"column":88},"end":{"line":1,"column":124}},"2":{"start":{"line":1,"column":139},"end":{"line":1,"column":169}},"3":{"start":{"line":1,"column":208},"end":{"line":1,"column":262}},"4":{"start":{"line":1,"column":263},"end":{"line":1,"column":297}}},"fnMap":{"0":{"name":"_interopRequireDefault","decl":{"start":{"line":1,"column":179},"end":{"line":1,"column":201}},"loc":{"start":{"line":1,"column":207},"end":{"line":1,"column":263}},"line":1}},"branchMap":{"0":{"loc":{"start":{"line":1,"column":215},"end":{"line":1,"column":261}},"type":"cond-expr","locations":[{"start":{"line":1,"column":239},"end":{"line":1,"column":242}},{"start":{"line":1,"column":245},"end":{"line":1,"column":261}}],"line":1},"1":{"loc":{"start":{"line":1,"column":215},"end":{"line":1,"column":236}},"type":"binary-expr","locations":[{"start":{"line":1,"column":215},"end":{"line":1,"column":218}},{"start":{"line":1,"column":222},"end":{"line":1,"column":236}}],"line":1}},"s":{"0":0,"1":0,"2":0,"3":0,"4":0},"f":{"0":0},"b":{"0":[0,0],"1":[0,0]}}
,"/Users/zuomeng/Desktop/Keep/src/components/commen/icons/base.js": {"path":"/Users/zuomeng/Desktop/Keep/src/components/commen/icons/base.js","statementMap":{"0":{"start":{"line":1,"column":13},"end":{"line":1,"column":75}},"1":{"start":{"line":1,"column":94},"end":{"line":1,"column":159}},"2":{"start":{"line":1,"column":173},"end":{"line":1,"column":189}},"3":{"start":{"line":1,"column":204},"end":{"line":1,"column":234}},"4":{"start":{"line":2,"column":24},"end":{"line":2,"column":52}},"5":{"start":{"line":2,"column":78},"end":{"line":2,"column":119}},"6":{"start":{"line":3,"column":13},"end":{"line":3,"column":32}},"7":{"start":{"line":3,"column":47},"end":{"line":3,"column":77}},"8":{"start":{"line":3,"column":116},"end":{"line":3,"column":170}},"9":{"start":{"line":5,"column":13},"end":{"line":9,"column":141}},"10":{"start":{"line":6,"column":0},"end":{"line":9,"column":141}},"11":{"start":{"line":12,"column":19},"end":{"line":24,"column":1}},"12":{"start":{"line":24,"column":2},"end":{"line":26,"column":11}}},"fnMap":{"0":{"name":"_interopRequireDefault","decl":{"start":{"line":3,"column":87},"end":{"line":3,"column":109}},"loc":{"start":{"line":3,"column":115},"end":{"line":3,"column":171}},"line":3},"1":{"name":"(anonymous_1)","decl":{"start":{"line":5,"column":13},"end":{"line":5,"column":14}},"loc":{"start":{"line":6,"column":0},"end":{"line":9,"column":141}},"line":6},"2":{"name":"(anonymous_2)","decl":{"start":{"line":5,"column":72},"end":{"line":5,"column":73}},"loc":{"start":{"line":5,"column":78},"end":{"line":5,"column":80}},"line":5}},"branchMap":{"0":{"loc":{"start":{"line":3,"column":123},"end":{"line":3,"column":169}},"type":"cond-expr","locations":[{"start":{"line":3,"column":147},"end":{"line":3,"column":150}},{"start":{"line":3,"column":153},"end":{"line":3,"column":169}}],"line":3},"1":{"loc":{"start":{"line":3,"column":123},"end":{"line":3,"column":144}},"type":"binary-expr","locations":[{"start":{"line":3,"column":123},"end":{"line":3,"column":126}},{"start":{"line":3,"column":130},"end":{"line":3,"column":144}}],"line":3},"2":{"loc":{"start":{"line":5,"column":58},"end":{"line":5,"column":80}},"type":"default-arg","locations":[{"start":{"line":5,"column":72},"end":{"line":5,"column":80}}],"line":5}},"s":{"0":0,"1":0,"2":0,"3":0,"4":0,"5":0,"6":0,"7":0,"8":0,"9":0,"10":0,"11":0,"12":0},"f":{"0":0,"1":0,"2":0},"b":{"0":[0,0],"1":[0,0],"2":[0]}}
,"/Users/zuomeng/Desktop/Keep/src/components/commen/icons/checkBox.js": {"path":"/Users/zuomeng/Desktop/Keep/src/components/commen/icons/checkBox.js","statementMap":{"0":{"start":{"line":1,"column":13},"end":{"line":1,"column":75}},"1":{"start":{"line":1,"column":99},"end":{"line":1,"column":127}},"2":{"start":{"line":1,"column":153},"end":{"line":1,"column":194}},"3":{"start":{"line":2,"column":13},"end":{"line":2,"column":49}},"4":{"start":{"line":2,"column":88},"end":{"line":2,"column":142}},"5":{"start":{"line":4,"column":18},"end":{"line":12,"column":1}},"6":{"start":{"line":8,"column":35},"end":{"line":8,"column":89}},"7":{"start":{"line":12,"column":2},"end":{"line":13,"column":10}}},"fnMap":{"0":{"name":"_interopRequireDefault","decl":{"start":{"line":2,"column":59},"end":{"line":2,"column":81}},"loc":{"start":{"line":2,"column":87},"end":{"line":2,"column":143}},"line":2},"1":{"name":"(anonymous_1)","decl":{"start":{"line":8,"column":26},"end":{"line":8,"column":27}},"loc":{"start":{"line":8,"column":35},"end":{"line":8,"column":89}},"line":8}},"branchMap":{"0":{"loc":{"start":{"line":2,"column":95},"end":{"line":2,"column":141}},"type":"cond-expr","locations":[{"start":{"line":2,"column":119},"end":{"line":2,"column":122}},{"start":{"line":2,"column":125},"end":{"line":2,"column":141}}],"line":2},"1":{"loc":{"start":{"line":2,"column":95},"end":{"line":2,"column":116}},"type":"binary-expr","locations":[{"start":{"line":2,"column":95},"end":{"line":2,"column":98}},{"start":{"line":2,"column":102},"end":{"line":2,"column":116}}],"line":2},"2":{"loc":{"start":{"line":8,"column":35},"end":{"line":8,"column":89}},"type":"cond-expr","locations":[{"start":{"line":8,"column":53},"end":{"line":8,"column":69}},{"start":{"line":8,"column":72},"end":{"line":8,"column":89}}],"line":8}},"s":{"0":0,"1":0,"2":0,"3":0,"4":0,"5":0,"6":0,"7":0},"f":{"0":0,"1":0},"b":{"0":[0,0],"1":[0,0],"2":[0,0]}}
,"/Users/zuomeng/Desktop/Keep/src/components/commen/icons/fix.js": {"path":"/Users/zuomeng/Desktop/Keep/src/components/commen/icons/fix.js","statementMap":{"0":{"start":{"line":1,"column":13},"end":{"line":1,"column":75}},"1":{"start":{"line":1,"column":94},"end":{"line":1,"column":158}},"2":{"start":{"line":1,"column":172},"end":{"line":1,"column":188}},"3":{"start":{"line":1,"column":203},"end":{"line":1,"column":233}},"4":{"start":{"line":2,"column":24},"end":{"line":2,"column":52}},"5":{"start":{"line":2,"column":78},"end":{"line":2,"column":119}},"6":{"start":{"line":3,"column":27},"end":{"line":3,"column":63}},"7":{"start":{"line":4,"column":12},"end":{"line":4,"column":29}},"8":{"start":{"line":4,"column":43},"end":{"line":4,"column":72}},"9":{"start":{"line":4,"column":111},"end":{"line":4,"column":165}},"10":{"start":{"line":6,"column":14},"end":{"line":7,"column":39}},"11":{"start":{"line":10,"column":16},"end":{"line":10,"column":73}},"12":{"start":{"line":12,"column":18},"end":{"line":19,"column":1}},"13":{"start":{"line":19,"column":2},"end":{"line":22,"column":175}},"14":{"start":{"line":21,"column":0},"end":{"line":22,"column":174}}},"fnMap":{"0":{"name":"_interopRequireDefault","decl":{"start":{"line":4,"column":82},"end":{"line":4,"column":104}},"loc":{"start":{"line":4,"column":110},"end":{"line":4,"column":166}},"line":4},"1":{"name":"(anonymous_1)","decl":{"start":{"line":20,"column":0},"end":{"line":20,"column":1}},"loc":{"start":{"line":21,"column":0},"end":{"line":22,"column":174}},"line":21}},"branchMap":{"0":{"loc":{"start":{"line":4,"column":118},"end":{"line":4,"column":164}},"type":"cond-expr","locations":[{"start":{"line":4,"column":142},"end":{"line":4,"column":145}},{"start":{"line":4,"column":148},"end":{"line":4,"column":164}}],"line":4},"1":{"loc":{"start":{"line":4,"column":118},"end":{"line":4,"column":139}},"type":"binary-expr","locations":[{"start":{"line":4,"column":118},"end":{"line":4,"column":121}},{"start":{"line":4,"column":125},"end":{"line":4,"column":139}}],"line":4}},"s":{"0":0,"1":0,"2":0,"3":0,"4":0,"5":0,"6":0,"7":0,"8":0,"9":0,"10":0,"11":0,"12":0,"13":0,"14":0},"f":{"0":0,"1":0},"b":{"0":[0,0],"1":[0,0]}}
[...]
":{"start":{"line":18,"column":10},"end":{"line":18,"column":11}},"loc":{"start":{"line":18,"column":19},"end":{"line":18,"column":29}},"line":18},"4":{"name":"(anonymous_4)","decl":{"start":{"line":19,"column":17},"end":{"line":19,"column":18}},"loc":{"start":{"line":19,"column":26},"end":{"line":19,"column":72}},"line":19},"5":{"name":"(anonymous_5)","decl":{"start":{"line":20,"column":11},"end":{"line":20,"column":12}},"loc":{"start":{"line":20,"column":20},"end":{"line":20,"column":61}},"line":20},"6":{"name":"(anonymous_6)","decl":{"start":{"line":36,"column":14},"end":{"line":36,"column":15}},"loc":{"start":{"line":37,"column":0},"end":{"line":38,"column":13}},"line":37},"7":{"name":"(anonymous_7)","decl":{"start":{"line":44,"column":17},"end":{"line":44,"column":18}},"loc":{"start":{"line":45,"column":0},"end":{"line":48,"column":37}},"line":45},"8":{"name":"(anonymous_8)","decl":{"start":{"line":54,"column":4},"end":{"line":54,"column":5}},"loc":{"start":{"line":54,"column":23},"end":{"line":69,"column":5}},"line":54},"9":{"name":"(anonymous_9)","decl":{"start":{"line":63,"column":53},"end":{"line":63,"column":54}},"loc":{"start":{"line":63,"column":59},"end":{"line":68,"column":9}},"line":63},"10":{"name":"(anonymous_10)","decl":{"start":{"line":70,"column":4},"end":{"line":70,"column":5}},"loc":{"start":{"line":70,"column":27},"end":{"line":73,"column":5}},"line":70},"11":{"name":"(anonymous_11)","decl":{"start":{"line":74,"column":4},"end":{"line":74,"column":5}},"loc":{"start":{"line":74,"column":24},"end":{"line":82,"column":5}},"line":74},"12":{"name":"(anonymous_12)","decl":{"start":{"line":83,"column":4},"end":{"line":83,"column":5}},"loc":{"start":{"line":83,"column":27},"end":{"line":85,"column":5}},"line":83},"13":{"name":"(anonymous_13)","decl":{"start":{"line":86,"column":4},"end":{"line":86,"column":5}},"loc":{"start":{"line":86,"column":27},"end":{"line":88,"column":5}},"line":86},"14":{"name":"(anonymous_14)","decl":{"start":{"line":89,"column":4},"end":{"line":89,"column":5}},"loc":{"start":{"line":89,"column":13},"end":{"line":102,"column":5}},"line":89},"15":{"name":"(anonymous_15)","decl":{"start":{"line":112,"column":18},"end":{"line":112,"column":19}},"loc":{"start":{"line":113,"column":0},"end":{"line":114,"column":164}},"line":113},"16":{"name":"(anonymous_16)","decl":{"start":{"line":129,"column":20},"end":{"line":129,"column":21}},"loc":{"start":{"line":129,"column":33},"end":{"line":132,"column":7}},"line":129},"17":{"name":"(anonymous_17)","decl":{"start":{"line":137,"column":0},"end":{"line":137,"column":1}},"loc":{"start":{"line":138,"column":0},"end":{"line":138,"column":147}},"line":138}},"branchMap":{"0":{"loc":{"start":{"line":7,"column":122},"end":{"line":7,"column":168}},"type":"cond-expr","locations":[{"start":{"line":7,"column":146},"end":{"line":7,"column":149}},{"start":{"line":7,"column":152},"end":{"line":7,"column":168}}],"line":7},"1":{"loc":{"start":{"line":7,"column":122},"end":{"line":7,"column":143}},"type":"binary-expr","locations":[{"start":{"line":7,"column":122},"end":{"line":7,"column":125}},{"start":{"line":7,"column":129},"end":{"line":7,"column":143}}],"line":7},"2":{"loc":{"start":{"line":11,"column":4},"end":{"line":14,"column":5}},"type":"if","locations":[{"start":{"line":11,"column":4},"end":{"line":14,"column":5}},{"start":{"line":11,"column":4},"end":{"line":14,"column":5}}],"line":11},"3":{"loc":{"start":{"line":12,"column":8},"end":{"line":13,"column":54}},"type":"if","locations":[{"start":{"line":12,"column":8},"end":{"line":13,"column":54}},{"start":{"line":12,"column":8},"end":{"line":13,"column":54}}],"line":12},"4":{"loc":{"start":{"line":13,"column":8},"end":{"line":13,"column":54}},"type":"if","locations":[{"start":{"line":13,"column":8},"end":{"line":13,"column":54}},{"start":{"line":13,"column":8},"end":{"line":13,"column":54}}],"line":13},"5":{"loc":{"start":{"line":19,"column":26},"end":{"line":19,"column":72}},"type":"cond-expr","locations":[{"start":{"line":19,"column":50},"end":{"line":19,"column":67}},{"start":{"line":19,"column":70},"end":{"line":19,"column":72}}],"line":19},"6":{"loc":{"start":{"line":20,"column":20},"end":{"line":20,"column":61}},"type":"cond-expr","locations":[{"start":{"line":20,"column":46},"end":{"line":20,"column":56}},{"start":{"line":20,"column":59},"end":{"line":20,"column":61}}],"line":20},"7":{"loc":{"start":{"line":46,"column":4},"end":{"line":46,"column":37}},"type":"cond-expr","locations":[{"start":{"line":46,"column":20},"end":{"line":46,"column":27}},{"start":{"line":46,"column":30},"end":{"line":46,"column":37}}],"line":46},"8":{"loc":{"start":{"line":47,"column":59},"end":{"line":47,"column":97}},"type":"cond-expr","locations":[{"start":{"line":47,"column":75},"end":{"line":47,"column":86}},{"start":{"line":47,"column":89},"end":{"line":47,"column":97}}],"line":47},"9":{"loc":{"start":{"line":48,"column":8},"end":{"line":48,"column":35}},"type":"cond-expr","locations":[{"start":{"line":48,"column":24},"end":{"line":48,"column":28}},{"start":{"line":48,"column":31},"end":{"line":48,"column":35}}],"line":48},"10":{"loc":{"start":{"line":65,"column":12},"end":{"line":67,"column":13}},"type":"if","locations":[{"start":{"line":65,"column":12},"end":{"line":67,"column":13}},{"start":{"line":65,"column":12},"end":{"line":67,"column":13}}],"line":65},"11":{"loc":{"start":{"line":77,"column":8},"end":{"line":79,"column":9}},"type":"if","locations":[{"start":{"line":77,"column":8},"end":{"line":79,"column":9}},{"start":{"line":77,"column":8},"end":{"line":79,"column":9}}],"line":77},"12":{"loc":{"start":{"line":77,"column":12},"end":{"line":77,"column":48}},"type":"binary-expr","locations":[{"start":{"line":77,"column":12},"end":{"line":77,"column":28}},{"start":{"line":77,"column":32},"end":{"line":77,"column":48}}],"line":77}},"s":{"0":0,"1":0,"2":0,"3":0,"4":0,"5":0,"6":0,"7":0,"8":0,"9":0,"10":0,"11":0,"12":0,"13":0,"14":0,"15":0,"16":0,"17":0,"18":0,"19":0,"20":0,"21":0,"22":0,"23":0,"24":0,"25":0,"26":0,"27":0,"28":0,"29":0,"30":0,"31":0,"32":0,"33":0,"34":0,"35":0,"36":0,"37":0,"38":0,"39":0,"40":0,"41":0,"42":0,"43":0,"44":0,"45":0,"46":0,"47":0,"48":0,"49":0,"50":0,"51":0,"52":0,"53":0,"54":0,"55":0,"56":0,"57":0,"58":0,"59":0,"60":0,"61":0,"62":0},"f":{"0":0,"1":0,"2":0,"3":0,"4":0,"5":0,"6":0,"7":0,"8":0,"9":0,"10":0,"11":0,"12":0,"13":0,"14":0,"15":0,"16":0,"17":0},"b":{"0":[0,0],"1":[0,0],"2":[0,0],"3":[0,0],"4":[0,0],"5":[0,0],"6":[0,0],"7":[0,0],"8":[0,0],"9":[0,0],"10":[0,0],"11":[0,0],"12":[0,0]}}
,"/Users/zuomeng/Desktop/Keep/src/views/register/index.js": {"path":"/Users/zuomeng/Desktop/Keep/src/views/register/index.js","statementMap":{"0":{"start":{"line":1,"column":13},"end":{"line":1,"column":75}},"1":{"start":{"line":1,"column":94},"end":{"line":1,"column":151}},"2":{"start":{"line":1,"column":165},"end":{"line":1,"column":181}},"3":{"start":{"line":1,"column":196},"end":{"line":1,"column":226}},"4":{"start":{"line":2,"column":15},"end":{"line":2,"column":52}},"5":{"start":{"line":3,"column":18},"end":{"line":3,"column":40}},"6":{"start":{"line":4,"column":13},"end":{"line":4,"column":32}},"7":{"start":{"line":4,"column":71},"end":{"line":4,"column":125}},"8":{"start":{"line":7,"column":20},"end":{"line":10,"column":8}},"9":{"start":{"line":7,"column":33},"end":{"line":10,"column":7}},"10":{"start":{"line":9,"column":8},"end":{"line":9,"column":70}},"11":{"start":{"line":13,"column":25},"end":{"line":13,"column":86}},"12":{"start":{"line":13,"column":87},"end":{"line":16,"column":147}},"13":{"start":{"line":16,"column":0},"end":{"line":16,"column":146}}},"fnMap":{"0":{"name":"_interopRequireDefault","decl":{"start":{"line":4,"column":42},"end":{"line":4,"column":64}},"loc":{"start":{"line":4,"column":70},"end":{"line":4,"column":126}},"line":4},"1":{"name":"(anonymous_1)","decl":{"start":{"line":7,"column":20},"end":{"line":7,"column":21}},"loc":{"start":{"line":7,"column":33},"end":{"line":10,"column":7}},"line":7},"2":{"name":"(anonymous_2)","decl":{"start":{"line":15,"column":0},"end":{"line":15,"column":1}},"loc":{"start":{"line":16,"column":0},"end":{"line":16,"column":146}},"line":16}},"branchMap":{"0":{"loc":{"start":{"line":4,"column":78},"end":{"line":4,"column":124}},"type":"cond-expr","locations":[{"start":{"line":4,"column":102},"end":{"line":4,"column":105}},{"start":{"line":4,"column":108},"end":{"line":4,"column":124}}],"line":4},"1":{"loc":{"start":{"line":4,"column":78},"end":{"line":4,"column":99}},"type":"binary-expr","locations":[{"start":{"line":4,"column":78},"end":{"line":4,"column":81}},{"start":{"line":4,"column":85},"end":{"line":4,"column":99}}],"line":4}},"s":{"0":0,"1":0,"2":0,"3":0,"4":0,"5":0,"6":0,"7":0,"8":0,"9":0,"10":0,"11":0,"12":0,"13":0},"f":{"0":0,"1":0,"2":0},"b":{"0":[0,0],"1":[0,0]}}
,"/Users/zuomeng/Desktop/Keep/src/views/reminders/index.js": {"path":"/Users/zuomeng/Desktop/Keep/src/views/reminders/index.js","statementMap":{"0":{"start":{"line":1,"column":13},"end":{"line":1,"column":75}},"1":{"start":{"line":1,"column":94},"end":{"line":1,"column":152}},"2":{"start":{"line":1,"column":166},"end":{"line":1,"column":182}},"3":{"start":{"line":1,"column":197},"end":{"line":1,"column":227}},"4":{"start":{"line":1,"column":266},"end":{"line":1,"column":320}},"5":{"start":{"line":5,"column":8},"end":{"line":6,"column":147}},"6":{"start":{"line":10,"column":6},"end":{"line":13,"column":10}}},"fnMap":{"0":{"name":"_interopRequireDefault","decl":{"start":{"line":1,"column":237},"end":{"line":1,"column":259}},"loc":{"start":{"line":1,"column":265},"end":{"line":1,"column":321}},"line":1},"1":{"name":"(anonymous_1)","decl":{"start":{"line":4,"column":4},"end":{"line":4,"column":5}},"loc":{"start":{"line":4,"column":13},"end":{"line":10,"column":5}},"line":4}},"branchMap":{"0":{"loc":{"start":{"line":1,"column":273},"end":{"line":1,"column":319}},"type":"cond-expr","locations":[{"start":{"line":1,"column":297},"end":{"line":1,"column":300}},{"start":{"line":1,"column":303},"end":{"line":1,"column":319}}],"line":1},"1":{"loc":{"start":{"line":1,"column":273},"end":{"line":1,"column":294}},"type":"binary-expr","locations":[{"start":{"line":1,"column":273},"end":{"line":1,"column":276}},{"start":{"line":1,"column":280},"end":{"line":1,"column":294}}],"line":1}},"s":{"0":0,"1":0,"2":0,"3":0,"4":0,"5":0,"6":0},"f":{"0":0,"1":0},"b":{"0":[0,0],"1":[0,0]}}
,"/Users/zuomeng/Desktop/Keep/src/views/search/index.js": {"path":"/Users/zuomeng/Desktop/Keep/src/views/search/index.js","statementMap":{"0":{"start":{"line":1,"column":13},"end":{"line":1,"column":75}},"1":{"start":{"line":1,"column":94},"end":{"line":1,"column":149}},"2":{"start":{"line":1,"column":163},"end":{"line":1,"column":179}},"3":{"start":{"line":1,"column":194},"end":{"line":1,"column":224}},"4":{"start":{"line":1,"column":263},"end":{"line":1,"column":317}},"5":{"start":{"line":5,"column":8},"end":{"line":6,"column":144}},"6":{"start":{"line":10,"column":6},"end":{"line":13,"column":7}}},"fnMap":{"0":{"name":"_interopRequireDefault","decl":{"start":{"line":1,"column":234},"end":{"line":1,"column":256}},"loc":{"start":{"line":1,"column":262},"end":{"line":1,"column":318}},"line":1},"1":{"name":"(anonymous_1)","decl":{"start":{"line":4,"column":4},"end":{"line":4,"column":5}},"loc":{"start":{"line":4,"column":13},"end":{"line":10,"column":5}},"line":4}},"branchMap":{"0":{"loc":{"start":{"line":1,"column":270},"end":{"line":1,"column":316}},"type":"cond-expr","locations":[{"start":{"line":1,"column":294},"end":{"line":1,"column":297}},{"start":{"line":1,"column":300},"end":{"line":1,"column":316}}],"line":1},"1":{"loc":{"start":{"line":1,"column":270},"end":{"line":1,"column":291}},"type":"binary-expr","locations":[{"start":{"line":1,"column":270},"end":{"line":1,"column":273}},{"start":{"line":1,"column":277},"end":{"line":1,"column":291}}],"line":1}},"s":{"0":0,"1":0,"2":0,"3":0,"4":0,"5":0,"6":0},"f":{"0":0,"1":0},"b":{"0":[0,0],"1":[0,0]}}
,"/Users/zuomeng/Desktop/Keep/src/views/tags/index.js": {"path":"/Users/zuomeng/Desktop/Keep/src/views/tags/index.js","statementMap":{"0":{"start":{"line":1,"column":13},"end":{"line":1,"column":75}},"1":{"start":{"line":1,"column":94},"end":{"line":1,"column":147}},"2":{"start":{"line":1,"column":161},"end":{"line":1,"column":177}},"3":{"start":{"line":1,"column":192},"end":{"line":1,"column":222}},"4":{"start":{"line":2,"column":19},"end":{"line":2,"column":42}},"5":{"start":{"line":3,"column":18},"end":{"line":3,"column":40}},"6":{"start":{"line":4,"column":24},"end":{"line":4,"column":52}},"7":{"start":{"line":4,"column":78},"end":{"line":4,"column":119}},"8":{"start":{"line":5,"column":18},"end":{"line":5,"column":41}},"9":{"start":{"line":6,"column":13},"end":{"line":6,"column":49}},"10":{"start":{"line":6,"column":64},"end":{"line":6,"column":94}},"11":{"start":{"line":6,"column":133},"end":{"line":6,"column":187}},"12":{"start":{"line":8,"column":14},"end":{"line":12,"column":1}},"13":{"start":{"line":13,"column":13},"end":{"line":24,"column":1}},"14":{"start":{"line":14,"column":30},"end":{"line":14,"column":35}},"15":{"start":{"line":15,"column":14},"end":{"line":15,"column":40}},"16":{"start":{"line":16,"column":23},"end":{"line":16,"column":91}},"17":{"start":{"line":16,"column":44},"end":{"line":16,"column":90}},"18":{"start":{"line":16,"column":70},"end":{"line":16,"column":84}},"19":{"start":{"line":17,"column":2},"end":{"line":21,"column":155}},"20":{"start":{"line":26,"column":17},"end":{"line":27,"column":67}},"21":{"start":{"line":26,"column":27},"end":{"line":27,"column":66}},"22":{"start":{"line":27,"column":33},"end":{"line":27,"column":63}},"23":{"start":{"line":27,"column":68},"end":{"line":30,"column":77}}},"fnMap":{"0":{"name":"_interopRequireDefault","decl":{"start":{"line":6,"column":104},"end":{"line":6,"column":126}},"loc":{"start":{"line":6,"column":132},"end":{"line":6,"column":188}},"line":6},"1":{"name":"(anonymous_1)","decl":{"start":{"line":13,"column":13},"end":{"line":13,"column":14}},"loc":{"start":{"line":13,"column":22},"end":{"line":24,"column":1}},"line":13},"2":{"name":"(anonymous_2)","decl":{"start":{"line":16,"column":36},"end":{"line":16,"column":37}},"loc":{"start":{"line":16,"column":44},"end":{"line":16,"column":90}},"line":16},"3":{"name":"(anonymous_3)","decl":{"start":{"line":16,"column":65},"end":{"line":16,"column":66}},"loc":{"start":{"line":16,"column":70},"end":{"line":16,"column":84}},"line":16},"4":{"name":"(anonymous_4)","decl":{"start":{"line":26,"column":17},"end":{"line":26,"column":18}},"loc":{"start":{"line":26,"column":27},"end":{"line":27,"column":66}},"line":26},"5":{"name":"(anonymous_5)","decl":{"start":{"line":27,"column":28},"end":{"line":27,"column":29}},"loc":{"start":{"line":27,"column":33},"end":{"line":27,"column":63}},"line":27}},"branchMap":{"0":{"loc":{"start":{"line":6,"column":140},"end":{"line":6,"column":186}},"type":"cond-expr","locations":[{"start":{"line":6,"column":164},"end":{"line":6,"column":167}},{"start":{"line":6,"column":170},"end":{"line":6,"column":186}}],"line":6},"1":{"loc":{"start":{"line":6,"column":140},"end":{"line":6,"column":161}},"type":"binary-expr","locations":[{"start":{"line":6,"column":140},"end":{"line":6,"column":143}},{"start":{"line":6,"column":147},"end":{"line":6,"column":161}}],"line":6},"2":{"loc":{"start":{"line":19,"column":6},"end":{"line":20,"column":171}},"type":"binary-expr","locations":[{"start":{"line":19,"column":6},"end":{"line":19,"column":29}},{"start":{"line":20,"column":6},"end":{"line":20,"column":171}}],"line":19},"3":{"loc":{"start":{"line":27,"column":33},"end":{"line":27,"column":63}},"type":"binary-expr","locations":[{"start":{"line":27,"column":33},"end":{"line":27,"column":46}},{"start":{"line":27,"column":50},"end":{"line":27,"column":63}}],"line":27}},"s":{"0":0,"1":0,"2":0,"3":0,"4":0,"5":0,"6":0,"7":0,"8":0,"9":0,"10":0,"11":0,"12":0,"13":0,"14":0,"15":0,"16":0,"17":0,"18":0,"19":0,"20":0,"21":0,"22":0,"23":0},"f":{"0":0,"1":0,"2":0,"3":0,"4":0,"5":0},"b":{"0":[0,0],"1":[0,0],"2":[0,0],"3":[0,0]}}
,"/Users/zuomeng/Desktop/Keep/src/views/trash/index.js": {"path":"/Users/zuomeng/Desktop/Keep/src/views/trash/index.js","statementMap":{"0":{"start":{"line":1,"column":13},"end":{"line":1,"column":75}},"1":{"start":{"line":1,"column":94},"end":{"line":1,"column":148}},"2":{"start":{"line":1,"column":162},"end":{"line":1,"column":178}},"3":{"start":{"line":1,"column":193},"end":{"line":1,"column":223}},"4":{"start":{"line":2,"column":18},"end":{"line":2,"column":41}},"5":{"start":{"line":3,"column":18},"end":{"line":3,"column":40}},"6":{"start":{"line":4,"column":24},"end":{"line":4,"column":52}},"7":{"start":{"line":4,"column":78},"end":{"line":4,"column":119}},"8":{"start":{"line":5,"column":13},"end":{"line":5,"column":49}},"9":{"start":{"line":5,"column":64},"end":{"line":5,"column":94}},"10":{"start":{"line":5,"column":133},"end":{"line":5,"column":187}},"11":{"start":{"line":7,"column":18},"end":{"line":9,"column":1}},"12":{"start":{"line":10,"column":14},"end":{"line":14,"column":1}},"13":{"start":{"line":17,"column":8},"end":{"line":17,"column":21}},"14":{"start":{"line":18,"column":8},"end":{"line":19,"column":33}},"15":{"start":{"line":23,"column":8},"end":{"line":23,"column":63}},"16":{"start":{"line":23,"column":25},"end":{"line":23,"column":61}},"17":{"start":{"line":26,"column":8},"end":{"line":29,"column":190}},"18":{"start":{"line":35,"column":17},"end":{"line":36,"column":51}},"19":{"start":{"line":35,"column":27},"end":{"line":36,"column":50}},"20":{"start":{"line":36,"column":35},"end":{"line":36,"column":47}},"21":{"start":{"line":36,"column":52},"end":{"line":39,"column":48}}},"fnMap":{"0":{"name":"_interopRequireDefault","decl":{"start":{"line":5,"column":104},"end":{"line":5,"column":126}},"loc":{"start":{"line":5,"column":132},"end":{"line":5,"column":188}},"line":5},"1":{"name":"(anonymous_1)","decl":{"start":{"line":16,"column":4},"end":{"line":16,"column":5}},"loc":{"start":{"line":16,"column":23},"end":{"line":21,"column":5}},"line":16},"2":{"name":"(anonymous_2)","decl":{"start":{"line":22,"column":4},"end":{"line":22,"column":5}},"loc":{"start":{"line":22,"column":24},"end":{"line":24,"column":5}},"line":22},"3":{"name":"(anonymous_3)","decl":{"start":{"line":23,"column":19},"end":{"line":23,"column":20}},"loc":{"start":{"line":23,"column":25},"end":{"line":23,"column":61}},"line":23},"4":{"name":"(anonymous_4)","decl":{"start":{"line":25,"column":4},"end":{"line":25,"column":5}},"loc":{"start":{"line":25,"column":13},"end":{"line":32,"column":5}},"line":25},"5":{"name":"(anonymous_5)","decl":{"start":{"line":35,"column":17},"end":{"line":35,"column":18}},"loc":{"start":{"line":35,"column":27},"end":{"line":36,"column":50}},"line":35},"6":{"name":"(anonymous_6)","decl":{"start":{"line":36,"column":30},"end":{"line":36,"column":31}},"loc":{"start":{"line":36,"column":35},"end":{"line":36,"column":47}},"line":36}},"branchMap":{"0":{"loc":{"start":{"line":5,"column":140},"end":{"line":5,"column":186}},"type":"cond-expr","locations":[{"start":{"line":5,"column":164},"end":{"line":5,"column":167}},{"start":{"line":5,"column":170},"end":{"line":5,"column":186}}],"line":5},"1":{"loc":{"start":{"line":5,"column":140},"end":{"line":5,"column":161}},"type":"binary-expr","locations":[{"start":{"line":5,"column":140},"end":{"line":5,"column":143}},{"start":{"line":5,"column":147},"end":{"line":5,"column":161}}],"line":5},"2":{"loc":{"start":{"line":29,"column":16},"end":{"line":29,"column":187}},"type":"binary-expr","locations":[{"start":{"line":29,"column":16},"end":{"line":29,"column":38}},{"start":{"line":29,"column":42},"end":{"line":29,"column":187}}],"line":29}},"s":{"0":0,"1":0,"2":0,"3":0,"4":0,"5":0,"6":0,"7":0,"8":0,"9":0,"10":0,"11":0,"12":0,"13":0,"14":0,"15":0,"16":0,"17":0,"18":0,"19":0,"20":0,"21":0},"f":{"0":0,"1":0,"2":0,"3":0,"4":0,"5":0,"6":0},"b":{"0":[0,0],"1":[0,0],"2":[0,0]}}
}
